[0.058s] Invoking command in '/workspaces/ros2-coding/build/mecanum_drive_controller': AMENT_PREFIX_PATH=/workspaces/ros2-coding/install/controller_manager:/workspaces/ros2-coding/install/hardware_interface_testing:/workspaces/ros2-coding/install/controller_interface:/workspaces/ros2-coding/install/hardware_interface:/workspaces/ros2-coding/install/joint_limits:/workspaces/ros2-coding/install/realtime_tools:/workspaces/ros2-coding/install/ros2_control_test_assets:/workspaces/ros2-coding/install/ros2_control_cmake:/workspaces/ros2-coding/install/controller_manager_msgs:/workspaces/ros2-coding/install/control_msgs:${AMENT_PREFIX_PATH} CMAKE_PREFIX_PATH=/workspaces/ros2-coding/install/controller_manager:/workspaces/ros2-coding/install/hardware_interface_testing:/workspaces/ros2-coding/install/controller_interface:/workspaces/ros2-coding/install/hardware_interface:/workspaces/ros2-coding/install/joint_limits:/workspaces/ros2-coding/install/realtime_tools:/workspaces/ros2-coding/install/ros2_control_test_assets:/workspaces/ros2-coding/install/ros2_control_cmake:/workspaces/ros2-coding/install/controller_manager_msgs:/workspaces/ros2-coding/install/control_msgs:/opt/ros/jazzy/opt/gz_sim_vendor:/opt/ros/jazzy/opt/gz_sensors_vendor:/opt/ros/jazzy/opt/gz_physics_vendor:/opt/ros/jazzy/opt/sdformat_vendor:/opt/ros/jazzy/opt/gz_gui_vendor:/opt/ros/jazzy/opt/gz_transport_vendor:/opt/ros/jazzy/opt/gz_rendering_vendor:/opt/ros/jazzy/opt/gz_plugin_vendor:/opt/ros/jazzy/opt/gz_fuel_tools_vendor:/opt/ros/jazzy/opt/gz_msgs_vendor:/opt/ros/jazzy/opt/gz_common_vendor:/opt/ros/jazzy/opt/gz_math_vendor:/opt/ros/jazzy/opt/gz_utils_vendor:/opt/ros/jazzy/opt/gz_tools_vendor:/opt/ros/jazzy/opt/gz_ogre_next_vendor:/opt/ros/jazzy/opt/gz_dartsim_vendor:/opt/ros/jazzy/opt/gz_cmake_vendor:/opt/ros/jazzy LD_LIBRARY_PATH=/workspaces/ros2-coding/install/controller_manager/lib:/workspaces/ros2-coding/install/hardware_interface_testing/lib:/workspaces/ros2-coding/install/controller_interface/lib:/workspaces/ros2-coding/install/hardware_interface/lib:/workspaces/ros2-coding/install/joint_limits/lib:/workspaces/ros2-coding/install/realtime_tools/lib:/workspaces/ros2-coding/install/ros2_control_test_assets/lib:/workspaces/ros2-coding/install/controller_manager_msgs/lib:/workspaces/ros2-coding/install/control_msgs/lib:${LD_LIBRARY_PATH} PYTHONPATH=/workspaces/ros2-coding/install/controller_manager/lib/python3.12/site-packages:/workspaces/ros2-coding/install/controller_manager_msgs/lib/python3.12/site-packages:/workspaces/ros2-coding/install/control_msgs/lib/python3.12/site-packages:${PYTHONPATH} /usr/bin/cmake /workspaces/ros2-coding/turtlesim_ws/src/ros-controls/ros2_controllers/mecanum_drive_controller -DAMENT_CMAKE_SYMLINK_INSTALL=1 -DCMAKE_INSTALL_PREFIX=/workspaces/ros2-coding/install/mecanum_drive_controller
[0.188s] -- The C compiler identification is GNU 13.3.0
[0.285s] -- The CXX compiler identification is GNU 13.3.0
[0.316s] -- Detecting C compiler ABI info
[0.575s] -- Detecting C compiler ABI info - done
[0.598s] -- Check for working C compiler: /usr/bin/cc - skipped
[0.598s] -- Detecting C compile features
[0.598s] -- Detecting C compile features - done
[0.624s] -- Detecting CXX compiler ABI info
[0.850s] -- Detecting CXX compiler ABI info - done
[0.870s] -- Check for working CXX compiler: /usr/bin/c++ - skipped
[0.872s] -- Detecting CXX compile features
[0.875s] -- Detecting CXX compile features - done
[0.878s] -- Found ros2_control_cmake: 0.2.1 (/workspaces/ros2-coding/install/ros2_control_cmake/share/ros2_control_cmake/cmake)
[0.881s] -- Compiler warnings enabled for GNU
[0.881s] -- Detected GCC Version: 13.3.0 (Major: 13, Minor: 3)
[0.891s] -- Found ament_cmake: 2.5.4 (/opt/ros/jazzy/share/ament_cmake/cmake)
[1.287s] -- Found Python3: /usr/bin/python3 (found version "3.12.3") found components: Interpreter 
[1.406s] -- Override CMake install command with custom implementation using symlinks instead of copying resources
[1.606s] -- Found controller_interface: 4.37.0 (/workspaces/ros2-coding/install/controller_interface/share/controller_interface/cmake)
[1.776s] -- Found rosidl_generator_c: 4.6.6 (/opt/ros/jazzy/share/rosidl_generator_c/cmake)
[1.843s] -- Found rosidl_generator_cpp: 4.6.6 (/opt/ros/jazzy/share/rosidl_generator_cpp/cmake)
[1.955s] -- Using all available rosidl_typesupport_c: rosidl_typesupport_fastrtps_c;rosidl_typesupport_introspection_c
[2.014s] -- Using all available rosidl_typesupport_cpp: rosidl_typesupport_fastrtps_cpp;rosidl_typesupport_introspection_cpp
[2.747s] -- Found TinyXML2 via Config file: /usr/lib/x86_64-linux-gnu/cmake/tinyxml2
[2.901s] -- Found rmw_implementation_cmake: 7.3.2 (/opt/ros/jazzy/share/rmw_implementation_cmake/cmake)
[2.920s] -- Found rmw_fastrtps_cpp: 8.4.3 (/opt/ros/jazzy/share/rmw_fastrtps_cpp/cmake)
[3.011s] -- Found TinyXML2 via Config file: /usr/lib/x86_64-linux-gnu/cmake/tinyxml2
[3.136s] -- Found OpenSSL: /usr/lib/x86_64-linux-gnu/libcrypto.so (found version "3.0.13")  
[3.145s] -- Found TinyXML2 via Config file: /usr/lib/x86_64-linux-gnu/cmake/tinyxml2
[3.181s] -- Found FastRTPS: /opt/ros/jazzy/include (Required is at least version "2.13") 
[3.188s] -- Found TinyXML2 via Config file: /usr/lib/x86_64-linux-gnu/cmake/tinyxml2
[3.203s] -- Found TinyXML2 via Config file: /usr/lib/x86_64-linux-gnu/cmake/tinyxml2
[3.232s] -- Using RMW implementation 'rmw_fastrtps_cpp' as default
[4.271s] -- Found generate_parameter_library: 0.5.0 (/opt/ros/jazzy/share/generate_parameter_library/cmake)
[4.284s] -- Found parameter_traits: 0.5.0 (/opt/ros/jazzy/share/parameter_traits/cmake)
[4.367s] -- Found nav_msgs: 5.3.6 (/opt/ros/jazzy/share/nav_msgs/cmake)
[4.438s] -- Found std_srvs: 5.3.6 (/opt/ros/jazzy/share/std_srvs/cmake)
[4.494s] -- Found tf2: 0.36.14 (/opt/ros/jazzy/share/tf2/cmake)
[4.511s] -- Found tf2_geometry_msgs: 0.36.14 (/opt/ros/jazzy/share/tf2_geometry_msgs/cmake)
[4.556s] -- Found eigen3_cmake_module: 0.3.0 (/opt/ros/jazzy/share/eigen3_cmake_module/cmake)
[4.565s] -- Found Eigen3: TRUE (found version "3.4.0") 
[4.565s] -- Ensuring Eigen3 include directory is part of orocos-kdl CMake target
[4.791s] -- Found ament_cmake_gmock: 2.5.4 (/opt/ros/jazzy/share/ament_cmake_gmock/cmake)
[4.795s] -- Found controller_manager: 4.37.0 (/workspaces/ros2-coding/install/controller_manager/share/controller_manager/cmake)
[4.999s] -- Found ros2_control_test_assets: 4.37.0 (/workspaces/ros2-coding/install/ros2_control_test_assets/share/ros2_control_test_assets/cmake)
[5.012s] -- Found gmock sources under '/opt/ros/jazzy/src/gmock_vendor': C++ tests using 'Google Mock' will be built
[5.037s] -- Found ament_cmake_gtest: 2.5.4 (/opt/ros/jazzy/share/ament_cmake_gtest/cmake)
[5.041s] -- Found gtest sources under '/opt/ros/jazzy/src/gtest_vendor': C++ tests using 'Google Test' will be built
[5.234s] -- Configuring done (5.2s)
[5.491s] -- Generating done (0.2s)
[5.531s] -- Build files have been written to: /workspaces/ros2-coding/build/mecanum_drive_controller
[5.556s] Invoked command in '/workspaces/ros2-coding/build/mecanum_drive_controller' returned '0': AMENT_PREFIX_PATH=/workspaces/ros2-coding/install/controller_manager:/workspaces/ros2-coding/install/hardware_interface_testing:/workspaces/ros2-coding/install/controller_interface:/workspaces/ros2-coding/install/hardware_interface:/workspaces/ros2-coding/install/joint_limits:/workspaces/ros2-coding/install/realtime_tools:/workspaces/ros2-coding/install/ros2_control_test_assets:/workspaces/ros2-coding/install/ros2_control_cmake:/workspaces/ros2-coding/install/controller_manager_msgs:/workspaces/ros2-coding/install/control_msgs:${AMENT_PREFIX_PATH} CMAKE_PREFIX_PATH=/workspaces/ros2-coding/install/controller_manager:/workspaces/ros2-coding/install/hardware_interface_testing:/workspaces/ros2-coding/install/controller_interface:/workspaces/ros2-coding/install/hardware_interface:/workspaces/ros2-coding/install/joint_limits:/workspaces/ros2-coding/install/realtime_tools:/workspaces/ros2-coding/install/ros2_control_test_assets:/workspaces/ros2-coding/install/ros2_control_cmake:/workspaces/ros2-coding/install/controller_manager_msgs:/workspaces/ros2-coding/install/control_msgs:/opt/ros/jazzy/opt/gz_sim_vendor:/opt/ros/jazzy/opt/gz_sensors_vendor:/opt/ros/jazzy/opt/gz_physics_vendor:/opt/ros/jazzy/opt/sdformat_vendor:/opt/ros/jazzy/opt/gz_gui_vendor:/opt/ros/jazzy/opt/gz_transport_vendor:/opt/ros/jazzy/opt/gz_rendering_vendor:/opt/ros/jazzy/opt/gz_plugin_vendor:/opt/ros/jazzy/opt/gz_fuel_tools_vendor:/opt/ros/jazzy/opt/gz_msgs_vendor:/opt/ros/jazzy/opt/gz_common_vendor:/opt/ros/jazzy/opt/gz_math_vendor:/opt/ros/jazzy/opt/gz_utils_vendor:/opt/ros/jazzy/opt/gz_tools_vendor:/opt/ros/jazzy/opt/gz_ogre_next_vendor:/opt/ros/jazzy/opt/gz_dartsim_vendor:/opt/ros/jazzy/opt/gz_cmake_vendor:/opt/ros/jazzy LD_LIBRARY_PATH=/workspaces/ros2-coding/install/controller_manager/lib:/workspaces/ros2-coding/install/hardware_interface_testing/lib:/workspaces/ros2-coding/install/controller_interface/lib:/workspaces/ros2-coding/install/hardware_interface/lib:/workspaces/ros2-coding/install/joint_limits/lib:/workspaces/ros2-coding/install/realtime_tools/lib:/workspaces/ros2-coding/install/ros2_control_test_assets/lib:/workspaces/ros2-coding/install/controller_manager_msgs/lib:/workspaces/ros2-coding/install/control_msgs/lib:${LD_LIBRARY_PATH} PYTHONPATH=/workspaces/ros2-coding/install/controller_manager/lib/python3.12/site-packages:/workspaces/ros2-coding/install/controller_manager_msgs/lib/python3.12/site-packages:/workspaces/ros2-coding/install/control_msgs/lib/python3.12/site-packages:${PYTHONPATH} /usr/bin/cmake /workspaces/ros2-coding/turtlesim_ws/src/ros-controls/ros2_controllers/mecanum_drive_controller -DAMENT_CMAKE_SYMLINK_INSTALL=1 -DCMAKE_INSTALL_PREFIX=/workspaces/ros2-coding/install/mecanum_drive_controller
[5.560s] Invoking command in '/workspaces/ros2-coding/build/mecanum_drive_controller': AMENT_PREFIX_PATH=/workspaces/ros2-coding/install/controller_manager:/workspaces/ros2-coding/install/hardware_interface_testing:/workspaces/ros2-coding/install/controller_interface:/workspaces/ros2-coding/install/hardware_interface:/workspaces/ros2-coding/install/joint_limits:/workspaces/ros2-coding/install/realtime_tools:/workspaces/ros2-coding/install/ros2_control_test_assets:/workspaces/ros2-coding/install/ros2_control_cmake:/workspaces/ros2-coding/install/controller_manager_msgs:/workspaces/ros2-coding/install/control_msgs:${AMENT_PREFIX_PATH} CMAKE_PREFIX_PATH=/workspaces/ros2-coding/install/controller_manager:/workspaces/ros2-coding/install/hardware_interface_testing:/workspaces/ros2-coding/install/controller_interface:/workspaces/ros2-coding/install/hardware_interface:/workspaces/ros2-coding/install/joint_limits:/workspaces/ros2-coding/install/realtime_tools:/workspaces/ros2-coding/install/ros2_control_test_assets:/workspaces/ros2-coding/install/ros2_control_cmake:/workspaces/ros2-coding/install/controller_manager_msgs:/workspaces/ros2-coding/install/control_msgs:/opt/ros/jazzy/opt/gz_sim_vendor:/opt/ros/jazzy/opt/gz_sensors_vendor:/opt/ros/jazzy/opt/gz_physics_vendor:/opt/ros/jazzy/opt/sdformat_vendor:/opt/ros/jazzy/opt/gz_gui_vendor:/opt/ros/jazzy/opt/gz_transport_vendor:/opt/ros/jazzy/opt/gz_rendering_vendor:/opt/ros/jazzy/opt/gz_plugin_vendor:/opt/ros/jazzy/opt/gz_fuel_tools_vendor:/opt/ros/jazzy/opt/gz_msgs_vendor:/opt/ros/jazzy/opt/gz_common_vendor:/opt/ros/jazzy/opt/gz_math_vendor:/opt/ros/jazzy/opt/gz_utils_vendor:/opt/ros/jazzy/opt/gz_tools_vendor:/opt/ros/jazzy/opt/gz_ogre_next_vendor:/opt/ros/jazzy/opt/gz_dartsim_vendor:/opt/ros/jazzy/opt/gz_cmake_vendor:/opt/ros/jazzy LD_LIBRARY_PATH=/workspaces/ros2-coding/install/controller_manager/lib:/workspaces/ros2-coding/install/hardware_interface_testing/lib:/workspaces/ros2-coding/install/controller_interface/lib:/workspaces/ros2-coding/install/hardware_interface/lib:/workspaces/ros2-coding/install/joint_limits/lib:/workspaces/ros2-coding/install/realtime_tools/lib:/workspaces/ros2-coding/install/ros2_control_test_assets/lib:/workspaces/ros2-coding/install/controller_manager_msgs/lib:/workspaces/ros2-coding/install/control_msgs/lib:${LD_LIBRARY_PATH} PYTHONPATH=/workspaces/ros2-coding/install/controller_manager/lib/python3.12/site-packages:/workspaces/ros2-coding/install/controller_manager_msgs/lib/python3.12/site-packages:/workspaces/ros2-coding/install/control_msgs/lib/python3.12/site-packages:${PYTHONPATH} /usr/bin/cmake --build /workspaces/ros2-coding/build/mecanum_drive_controller -- -j2 -l2
[5.727s] [  6%] [34m[1mRunning `/opt/ros/jazzy/bin/generate_parameter_library_cpp /workspaces/ros2-coding/build/mecanum_drive_controller/include/mecanum_drive_controller/mecanum_drive_controller_parameters.hpp /workspaces/ros2-coding/turtlesim_ws/src/ros-controls/ros2_controllers/mecanum_drive_controller/src/mecanum_drive_controller.yaml `[0m
[7.591s] [ 12%] [34m[1mCreating deprecated header file /workspaces/ros2-coding/build/mecanum_drive_controller/include/mecanum_drive_controller_parameters.hpp[0m
[7.668s] [ 12%] Built target mecanum_drive_controller_parameters
[7.712s] [ 18%] [32mBuilding CXX object gmock/CMakeFiles/gmock_main.dir/src/gmock_main.cc.o[0m
[9.741s] [ 25%] [32m[1mLinking CXX static library libgmock_main.a[0m
[9.886s] [ 25%] Built target gmock_main
[9.966s] [ 31%] [32mBuilding CXX object gmock/CMakeFiles/gmock.dir/opt/ros/jazzy/src/gtest_vendor/src/gtest-all.cc.o[0m
[16.388s] [ 37%] [32mBuilding CXX object gmock/CMakeFiles/gmock.dir/src/gmock-all.cc.o[0m
[19.580s] [ 43%] [32m[1mLinking CXX static library libgmock.a[0m
[19.702s] [ 43%] Built target gmock
[19.748s] [ 50%] [32mBuilding CXX object CMakeFiles/mecanum_drive_controller.dir/src/mecanum_drive_controller.cpp.o[0m
[25.441s] [01m[K/workspaces/ros2-coding/turtlesim_ws/src/ros-controls/ros2_controllers/mecanum_drive_controller/src/mecanum_drive_controller.cpp:[m[K In member function â€˜[01m[Kvirtual controller_interface::return_type mecanum_drive_controller::MecanumDriveController::[01;32m[Kupdate_and_write_commands[m[K(const rclcpp::Time&, const rclcpp::Duration&)[m[Kâ€™:
[25.442s] [01m[K/workspaces/ros2-coding/turtlesim_ws/src/ros-controls/ros2_controllers/mecanum_drive_controller/src/mecanum_drive_controller.cpp:403:84:[m[K [01;35m[Kwarning: [m[Kâ€˜[01m[Kdouble hardware_interface::LoanedStateInterface::[01;32m[Kget_value[m[K() const[m[Kâ€™ is deprecated: Use std::optional<T> get_optional() instead to retrieve the value. This method will be removed by the ROS 2 Kilted Kaiju release. [[01;35m[K]8;;https://gcc.gnu.org/onlinedocs/gcc/Warning-Options.html#index-Wdeprecated-declarations-Wdeprecated-declarations]8;;[m[K]
[25.442s]   403 |   const double wheel_front_left_state_vel = [01;35m[Kstate_interfaces_[FRONT_LEFT].get_value()[m[K;
[25.443s]       |                                             [01;35m[K~~~~~~~~~~~~~~~~~~~~~~~~~~~~~~~~~~~~~~~^~[m[K
[25.443s] In file included from [01m[K/workspaces/ros2-coding/install/controller_interface/include/controller_interface/controller_interface/controller_interface_base.hpp:28[m[K,
[25.443s]                  from [01m[K/workspaces/ros2-coding/install/controller_interface/include/controller_interface/controller_interface/chainable_controller_interface.hpp:23[m[K,
[25.444s]                  from [01m[K/workspaces/ros2-coding/turtlesim_ws/src/ros-controls/ros2_controllers/mecanum_drive_controller/include/mecanum_drive_controller/mecanum_drive_controller.hpp:27[m[K,
[25.444s]                  from [01m[K/workspaces/ros2-coding/turtlesim_ws/src/ros-controls/ros2_controllers/mecanum_drive_controller/src/mecanum_drive_controller.cpp:15[m[K:
[25.444s] [01m[K/workspaces/ros2-coding/install/hardware_interface/include/hardware_interface/hardware_interface/loaned_state_interface.hpp:94:10:[m[K [01;36m[Knote: [m[Kdeclared here
[25.444s]    94 |   double [01;36m[Kget_value[m[K() const
[25.444s]       |          [01;36m[K^~~~~~~~~[m[K
[25.446s] [01m[K/workspaces/ros2-coding/turtlesim_ws/src/ros-controls/ros2_controllers/mecanum_drive_controller/src/mecanum_drive_controller.cpp:404:86:[m[K [01;35m[Kwarning: [m[Kâ€˜[01m[Kdouble hardware_interface::LoanedStateInterface::[01;32m[Kget_value[m[K() const[m[Kâ€™ is deprecated: Use std::optional<T> get_optional() instead to retrieve the value. This method will be removed by the ROS 2 Kilted Kaiju release. [[01;35m[K]8;;https://gcc.gnu.org/onlinedocs/gcc/Warning-Options.html#index-Wdeprecated-declarations-Wdeprecated-declarations]8;;[m[K]
[25.446s]   404 |   const double wheel_front_right_state_vel = [01;35m[Kstate_interfaces_[FRONT_RIGHT].get_value()[m[K;
[25.446s]       |                                              [01;35m[K~~~~~~~~~~~~~~~~~~~~~~~~~~~~~~~~~~~~~~~~^~[m[K
[25.446s] [01m[K/workspaces/ros2-coding/install/hardware_interface/include/hardware_interface/hardware_interface/loaned_state_interface.hpp:94:10:[m[K [01;36m[Knote: [m[Kdeclared here
[25.446s]    94 |   double [01;36m[Kget_value[m[K() const
[25.449s]       |          [01;36m[K^~~~~~~~~[m[K
[25.450s] [01m[K/workspaces/ros2-coding/turtlesim_ws/src/ros-controls/ros2_controllers/mecanum_drive_controller/src/mecanum_drive_controller.cpp:405:84:[m[K [01;35m[Kwarning: [m[Kâ€˜[01m[Kdouble hardware_interface::LoanedStateInterface::[01;32m[Kget_value[m[K() const[m[Kâ€™ is deprecated: Use std::optional<T> get_optional() instead to retrieve the value. This method will be removed by the ROS 2 Kilted Kaiju release. [[01;35m[K]8;;https://gcc.gnu.org/onlinedocs/gcc/Warning-Options.html#index-Wdeprecated-declarations-Wdeprecated-declarations]8;;[m[K]
[25.450s]   405 |   const double wheel_rear_right_state_vel = [01;35m[Kstate_interfaces_[REAR_RIGHT].get_value()[m[K;
[25.450s]       |                                             [01;35m[K~~~~~~~~~~~~~~~~~~~~~~~~~~~~~~~~~~~~~~~^~[m[K
[25.450s] [01m[K/workspaces/ros2-coding/install/hardware_interface/include/hardware_interface/hardware_interface/loaned_state_interface.hpp:94:10:[m[K [01;36m[Knote: [m[Kdeclared here
[25.451s]    94 |   double [01;36m[Kget_value[m[K() const
[25.451s]       |          [01;36m[K^~~~~~~~~[m[K
[25.451s] [01m[K/workspaces/ros2-coding/turtlesim_ws/src/ros-controls/ros2_controllers/mecanum_drive_controller/src/mecanum_drive_controller.cpp:406:82:[m[K [01;35m[Kwarning: [m[Kâ€˜[01m[Kdouble hardware_interface::LoanedStateInterface::[01;32m[Kget_value[m[K() const[m[Kâ€™ is deprecated: Use std::optional<T> get_optional() instead to retrieve the value. This method will be removed by the ROS 2 Kilted Kaiju release. [[01;35m[K]8;;https://gcc.gnu.org/onlinedocs/gcc/Warning-Options.html#index-Wdeprecated-declarations-Wdeprecated-declarations]8;;[m[K]
[25.451s]   406 |   const double wheel_rear_left_state_vel = [01;35m[Kstate_interfaces_[REAR_LEFT].get_value()[m[K;
[25.451s]       |                                            [01;35m[K~~~~~~~~~~~~~~~~~~~~~~~~~~~~~~~~~~~~~~^~[m[K
[25.451s] [01m[K/workspaces/ros2-coding/install/hardware_interface/include/hardware_interface/hardware_interface/loaned_state_interface.hpp:94:10:[m[K [01;36m[Knote: [m[Kdeclared here
[25.452s]    94 |   double [01;36m[Kget_value[m[K() const
[25.452s]       |          [01;36m[K^~~~~~~~~[m[K
[25.456s] [01m[K/workspaces/ros2-coding/turtlesim_ws/src/ros-controls/ros2_controllers/mecanum_drive_controller/src/mecanum_drive_controller.cpp:526:46:[m[K [01;35m[Kwarning: [m[Kâ€˜[01m[Kdouble hardware_interface::LoanedStateInterface::[01;32m[Kget_value[m[K() const[m[Kâ€™ is deprecated: Use std::optional<T> get_optional() instead to retrieve the value. This method will be removed by the ROS 2 Kilted Kaiju release. [[01;35m[K]8;;https://gcc.gnu.org/onlinedocs/gcc/Warning-Options.html#index-Wdeprecated-declarations-Wdeprecated-declarations]8;;[m[K]
[25.456s]   526 |       [01;35m[Kstate_interfaces_[FRONT_LEFT].get_value()[m[K;
[25.456s]       |       [01;35m[K~~~~~~~~~~~~~~~~~~~~~~~~~~~~~~~~~~~~~~~^~[m[K
[25.457s] [01m[K/workspaces/ros2-coding/install/hardware_interface/include/hardware_interface/hardware_interface/loaned_state_interface.hpp:94:10:[m[K [01;36m[Knote: [m[Kdeclared here
[25.458s]    94 |   double [01;36m[Kget_value[m[K() const
[25.458s]       |          [01;36m[K^~~~~~~~~[m[K
[25.458s] [01m[K/workspaces/ros2-coding/turtlesim_ws/src/ros-controls/ros2_controllers/mecanum_drive_controller/src/mecanum_drive_controller.cpp:528:47:[m[K [01;35m[Kwarning: [m[Kâ€˜[01m[Kdouble hardware_interface::LoanedStateInterface::[01;32m[Kget_value[m[K() const[m[Kâ€™ is deprecated: Use std::optional<T> get_optional() instead to retrieve the value. This method will be removed by the ROS 2 Kilted Kaiju release. [[01;35m[K]8;;https://gcc.gnu.org/onlinedocs/gcc/Warning-Options.html#index-Wdeprecated-declarations-Wdeprecated-declarations]8;;[m[K]
[25.458s]   528 |       [01;35m[Kstate_interfaces_[FRONT_RIGHT].get_value()[m[K;
[25.458s]       |       [01;35m[K~~~~~~~~~~~~~~~~~~~~~~~~~~~~~~~~~~~~~~~~^~[m[K
[25.458s] [01m[K/workspaces/ros2-coding/install/hardware_interface/include/hardware_interface/hardware_interface/loaned_state_interface.hpp:94:10:[m[K [01;36m[Knote: [m[Kdeclared here
[25.458s]    94 |   double [01;36m[Kget_value[m[K() const
[25.458s]       |          [01;36m[K^~~~~~~~~[m[K
[25.458s] [01m[K/workspaces/ros2-coding/turtlesim_ws/src/ros-controls/ros2_controllers/mecanum_drive_controller/src/mecanum_drive_controller.cpp:530:46:[m[K [01;35m[Kwarning: [m[Kâ€˜[01m[Kdouble hardware_interface::LoanedStateInterface::[01;32m[Kget_value[m[K() const[m[Kâ€™ is deprecated: Use std::optional<T> get_optional() instead to retrieve the value. This method will be removed by the ROS 2 Kilted Kaiju release. [[01;35m[K]8;;https://gcc.gnu.org/onlinedocs/gcc/Warning-Options.html#index-Wdeprecated-declarations-Wdeprecated-declarations]8;;[m[K]
[25.460s]   530 |       [01;35m[Kstate_interfaces_[REAR_RIGHT].get_value()[m[K;
[25.460s]       |       [01;35m[K~~~~~~~~~~~~~~~~~~~~~~~~~~~~~~~~~~~~~~~^~[m[K
[25.460s] [01m[K/workspaces/ros2-coding/install/hardware_interface/include/hardware_interface/hardware_interface/loaned_state_interface.hpp:94:10:[m[K [01;36m[Knote: [m[Kdeclared here
[25.460s]    94 |   double [01;36m[Kget_value[m[K() const
[25.460s]       |          [01;36m[K^~~~~~~~~[m[K
[25.460s] [01m[K/workspaces/ros2-coding/turtlesim_ws/src/ros-controls/ros2_controllers/mecanum_drive_controller/src/mecanum_drive_controller.cpp:532:45:[m[K [01;35m[Kwarning: [m[Kâ€˜[01m[Kdouble hardware_interface::LoanedStateInterface::[01;32m[Kget_value[m[K() const[m[Kâ€™ is deprecated: Use std::optional<T> get_optional() instead to retrieve the value. This method will be removed by the ROS 2 Kilted Kaiju release. [[01;35m[K]8;;https://gcc.gnu.org/onlinedocs/gcc/Warning-Options.html#index-Wdeprecated-declarations-Wdeprecated-declarations]8;;[m[K]
[25.461s]   532 |       [01;35m[Kstate_interfaces_[REAR_LEFT].get_value()[m[K;
[25.461s]       |       [01;35m[K~~~~~~~~~~~~~~~~~~~~~~~~~~~~~~~~~~~~~~^~[m[K
[25.461s] [01m[K/workspaces/ros2-coding/install/hardware_interface/include/hardware_interface/hardware_interface/loaned_state_interface.hpp:94:10:[m[K [01;36m[Knote: [m[Kdeclared here
[25.461s]    94 |   double [01;36m[Kget_value[m[K() const
[25.461s]       |          [01;36m[K^~~~~~~~~[m[K
[40.657s] [ 56%] [32mBuilding CXX object CMakeFiles/mecanum_drive_controller.dir/src/odometry.cpp.o[0m
[46.012s] [ 62%] [32m[1mLinking CXX shared library libmecanum_drive_controller.so[0m
[47.012s] [ 62%] Built target mecanum_drive_controller
[47.060s] [ 68%] [32mBuilding CXX object CMakeFiles/test_load_mecanum_drive_controller.dir/test/test_load_mecanum_drive_controller.cpp.o[0m
[57.472s] [ 75%] [32m[1mLinking CXX executable test_load_mecanum_drive_controller[0m
[58.581s] [ 75%] Built target test_load_mecanum_drive_controller
[58.628s] [ 81%] [32mBuilding CXX object CMakeFiles/test_mecanum_drive_controller.dir/test/test_mecanum_drive_controller.cpp.o[0m
[64.074s] In file included from [01m[K/opt/ros/jazzy/src/gtest_vendor/include/gtest/gtest.h:72[m[K,
[64.074s]                  from [01m[K/opt/ros/jazzy/src/gmock_vendor/include/gmock/internal/gmock-internal-utils.h:50[m[K,
[64.074s]                  from [01m[K/opt/ros/jazzy/src/gmock_vendor/include/gmock/gmock-actions.h:145[m[K,
[64.076s]                  from [01m[K/opt/ros/jazzy/src/gmock_vendor/include/gmock/gmock.h:56[m[K,
[64.076s]                  from [01m[K/workspaces/ros2-coding/turtlesim_ws/src/ros-controls/ros2_controllers/mecanum_drive_controller/test/test_mecanum_drive_controller.hpp:26[m[K,
[64.077s]                  from [01m[K/workspaces/ros2-coding/turtlesim_ws/src/ros-controls/ros2_controllers/mecanum_drive_controller/test/test_mecanum_drive_controller.cpp:15[m[K:
[64.077s] [01m[K/workspaces/ros2-coding/turtlesim_ws/src/ros-controls/ros2_controllers/mecanum_drive_controller/test/test_mecanum_drive_controller.cpp:[m[K In member function â€˜[01m[Kvirtual void MecanumDriveControllerTest_when_controller_is_reactivated_expect_cmd_itfs_not_set_and_update_success_Test::[01;32m[KTestBody[m[K()[m[Kâ€™:
[64.079s] [01m[K/workspaces/ros2-coding/turtlesim_ws/src/ros-controls/ros2_controllers/mecanum_drive_controller/test/test_mecanum_drive_controller.cpp:342:72:[m[K [01;35m[Kwarning: [m[Kâ€˜[01m[Kdouble hardware_interface::LoanedCommandInterface::[01;32m[Kget_value[m[K() const[m[Kâ€™ is deprecated: Use std::optional<T> get_optional() instead to retrieve the value. This method will be removed by the ROS 2 Kilted Kaiju release. [[01;35m[K]8;;https://gcc.gnu.org/onlinedocs/gcc/Warning-Options.html#index-Wdeprecated-declarations-Wdeprecated-declarations]8;;[m[K]
[64.079s]   342 |   ASSERT_EQ([01;35m[Kcontroller_->command_interfaces_[NR_CMD_ITFS - 4].get_value()[m[K, 101.101);
[64.082s]       |             [01;35m[K~~~~~~~~~~~~~~~~~~~~~~~~~~~~~~~~~~~~~~~~~~~~~~~~~~~~~~~~~~~^~[m[K
[64.082s] [01m[K/opt/ros/jazzy/src/gtest_vendor/include/gtest/gtest_pred_impl.h:79:52:[m[K [01;36m[Knote: [m[Kin definition of macro â€˜[01m[KGTEST_ASSERT_[m[Kâ€™
[64.082s]    79 |   if (const ::testing::AssertionResult gtest_ar = ([01;36m[Kexpression[m[K)) \
[64.082s]       |                                                    [01;36m[K^~~~~~~~~~[m[K
[64.084s] [01m[K/opt/ros/jazzy/src/gtest_vendor/include/gtest/gtest_pred_impl.h:148:3:[m[K [01;36m[Knote: [m[Kin expansion of macro â€˜[01m[KGTEST_PRED_FORMAT2_[m[Kâ€™
[64.086s]   148 |   [01;36m[KGTEST_PRED_FORMAT2_[m[K(pred_format, v1, v2, GTEST_FATAL_FAILURE_)
[64.086s]       |   [01;36m[K^~~~~~~~~~~~~~~~~~~[m[K
[64.092s] [01m[K/opt/ros/jazzy/src/gtest_vendor/include/gtest/gtest.h:1882:3:[m[K [01;36m[Knote: [m[Kin expansion of macro â€˜[01m[KASSERT_PRED_FORMAT2[m[Kâ€™
[64.092s]  1882 |   [01;36m[KASSERT_PRED_FORMAT2[m[K(::testing::internal::EqHelper::Compare, val1, val2)
[64.092s]       |   [01;36m[K^~~~~~~~~~~~~~~~~~~[m[K
[64.092s] [01m[K/opt/ros/jazzy/src/gtest_vendor/include/gtest/gtest.h:1898:31:[m[K [01;36m[Knote: [m[Kin expansion of macro â€˜[01m[KGTEST_ASSERT_EQ[m[Kâ€™
[64.094s]  1898 | #define ASSERT_EQ(val1, val2) [01;36m[KGTEST_ASSERT_EQ[m[K(val1, val2)
[64.094s]       |                               [01;36m[K^~~~~~~~~~~~~~~[m[K
[64.095s] [01m[K/workspaces/ros2-coding/turtlesim_ws/src/ros-controls/ros2_controllers/mecanum_drive_controller/test/test_mecanum_drive_controller.cpp:342:3:[m[K [01;36m[Knote: [m[Kin expansion of macro â€˜[01m[KASSERT_EQ[m[Kâ€™
[64.097s]   342 |   [01;36m[KASSERT_EQ[m[K(controller_->command_interfaces_[NR_CMD_ITFS - 4].get_value(), 101.101);
[64.097s]       |   [01;36m[K^~~~~~~~~[m[K
[64.097s] In file included from [01m[K/workspaces/ros2-coding/turtlesim_ws/src/ros-controls/ros2_controllers/mecanum_drive_controller/test/test_mecanum_drive_controller.hpp:27[m[K:
[64.097s] [01m[K/workspaces/ros2-coding/install/hardware_interface/include/hardware_interface/hardware_interface/loaned_command_interface.hpp:134:10:[m[K [01;36m[Knote: [m[Kdeclared here
[64.097s]   134 |   double [01;36m[Kget_value[m[K() const
[64.100s]       |          [01;36m[K^~~~~~~~~[m[K
[64.100s] In file included from [01m[K/opt/ros/jazzy/src/gtest_vendor/include/gtest/gtest-printers.h:122[m[K,
[64.100s]                  from [01m[K/opt/ros/jazzy/src/gtest_vendor/include/gtest/gtest-matchers.h:49[m[K,
[64.100s]                  from [01m[K/opt/ros/jazzy/src/gtest_vendor/include/gtest/internal/gtest-death-test-internal.h:47[m[K,
[64.101s]                  from [01m[K/opt/ros/jazzy/src/gtest_vendor/include/gtest/gtest-death-test.h:43[m[K,
[64.101s]                  from [01m[K/opt/ros/jazzy/src/gtest_vendor/include/gtest/gtest.h:65[m[K:
[64.101s] [01m[K/workspaces/ros2-coding/turtlesim_ws/src/ros-controls/ros2_controllers/mecanum_drive_controller/test/test_mecanum_drive_controller.cpp:344:85:[m[K [01;35m[Kwarning: [m[Kâ€˜[01m[Kdouble hardware_interface::LoanedCommandInterface::[01;32m[Kget_value[m[K() const[m[Kâ€™ is deprecated: Use std::optional<T> get_optional() instead to retrieve the value. This method will be removed by the ROS 2 Kilted Kaiju release. [[01;35m[K]8;;https://gcc.gnu.org/onlinedocs/gcc/Warning-Options.html#index-Wdeprecated-declarations-Wdeprecated-declarations]8;;[m[K]
[64.101s]   344 |   ASSERT_TRUE(std::isnan([01;35m[Kcontroller_->command_interfaces_[NR_CMD_ITFS - 4].get_value()[m[K));
[64.101s]       |                          [01;35m[K~~~~~~~~~~~~~~~~~~~~~~~~~~~~~~~~~~~~~~~~~~~~~~~~~~~~~~~~~~~^~[m[K
[64.101s] [01m[K/opt/ros/jazzy/src/gtest_vendor/include/gtest/internal/gtest-internal.h:1493:38:[m[K [01;36m[Knote: [m[Kin definition of macro â€˜[01m[KGTEST_TEST_BOOLEAN_[m[Kâ€™
[64.102s]  1493 |           ::testing::AssertionResult([01;36m[Kexpression[m[K))                     \
[64.102s]       |                                      [01;36m[K^~~~~~~~~~[m[K
[64.102s] [01m[K/opt/ros/jazzy/src/gtest_vendor/include/gtest/gtest.h:1815:32:[m[K [01;36m[Knote: [m[Kin expansion of macro â€˜[01m[KGTEST_ASSERT_TRUE[m[Kâ€™
[64.105s]  1815 | #define ASSERT_TRUE(condition) [01;36m[KGTEST_ASSERT_TRUE[m[K(condition)
[64.105s]       |                                [01;36m[K^~~~~~~~~~~~~~~~~[m[K
[64.105s] [01m[K/workspaces/ros2-coding/turtlesim_ws/src/ros-controls/ros2_controllers/mecanum_drive_controller/test/test_mecanum_drive_controller.cpp:344:3:[m[K [01;36m[Knote: [m[Kin expansion of macro â€˜[01m[KASSERT_TRUE[m[Kâ€™
[64.105s]   344 |   [01;36m[KASSERT_TRUE[m[K(std::isnan(controller_->command_interfaces_[NR_CMD_ITFS - 4].get_value()));
[64.105s]       |   [01;36m[K^~~~~~~~~~~[m[K
[64.106s] [01m[K/workspaces/ros2-coding/install/hardware_interface/include/hardware_interface/hardware_interface/loaned_command_interface.hpp:134:10:[m[K [01;36m[Knote: [m[Kdeclared here
[64.106s]   134 |   double [01;36m[Kget_value[m[K() const
[64.106s]       |          [01;36m[K^~~~~~~~~[m[K
[64.106s] [01m[K/workspaces/ros2-coding/turtlesim_ws/src/ros-controls/ros2_controllers/mecanum_drive_controller/test/test_mecanum_drive_controller.cpp:346:85:[m[K [01;35m[Kwarning: [m[Kâ€˜[01m[Kdouble hardware_interface::LoanedCommandInterface::[01;32m[Kget_value[m[K() const[m[Kâ€™ is deprecated: Use std::optional<T> get_optional() instead to retrieve the value. This method will be removed by the ROS 2 Kilted Kaiju release. [[01;35m[K]8;;https://gcc.gnu.org/onlinedocs/gcc/Warning-Options.html#index-Wdeprecated-declarations-Wdeprecated-declarations]8;;[m[K]
[64.106s]   346 |   ASSERT_TRUE(std::isnan([01;35m[Kcontroller_->command_interfaces_[NR_CMD_ITFS - 4].get_value()[m[K));
[64.107s]       |                          [01;35m[K~~~~~~~~~~~~~~~~~~~~~~~~~~~~~~~~~~~~~~~~~~~~~~~~~~~~~~~~~~~^~[m[K
[64.107s] [01m[K/opt/ros/jazzy/src/gtest_vendor/include/gtest/internal/gtest-internal.h:1493:38:[m[K [01;36m[Knote: [m[Kin definition of macro â€˜[01m[KGTEST_TEST_BOOLEAN_[m[Kâ€™
[64.107s]  1493 |           ::testing::AssertionResult([01;36m[Kexpression[m[K))                     \
[64.107s]       |                                      [01;36m[K^~~~~~~~~~[m[K
[64.107s] [01m[K/opt/ros/jazzy/src/gtest_vendor/include/gtest/gtest.h:1815:32:[m[K [01;36m[Knote: [m[Kin expansion of macro â€˜[01m[KGTEST_ASSERT_TRUE[m[Kâ€™
[64.107s]  1815 | #define ASSERT_TRUE(condition) [01;36m[KGTEST_ASSERT_TRUE[m[K(condition)
[64.110s]       |                                [01;36m[K^~~~~~~~~~~~~~~~~[m[K
[64.110s] [01m[K/workspaces/ros2-coding/turtlesim_ws/src/ros-controls/ros2_controllers/mecanum_drive_controller/test/test_mecanum_drive_controller.cpp:346:3:[m[K [01;36m[Knote: [m[Kin expansion of macro â€˜[01m[KASSERT_TRUE[m[Kâ€™
[64.110s]   346 |   [01;36m[KASSERT_TRUE[m[K(std::isnan(controller_->command_interfaces_[NR_CMD_ITFS - 4].get_value()));
[64.110s]       |   [01;36m[K^~~~~~~~~~~[m[K
[64.111s] [01m[K/workspaces/ros2-coding/install/hardware_interface/include/hardware_interface/hardware_interface/loaned_command_interface.hpp:134:10:[m[K [01;36m[Knote: [m[Kdeclared here
[64.111s]   134 |   double [01;36m[Kget_value[m[K() const
[64.111s]       |          [01;36m[K^~~~~~~~~[m[K
[64.128s] [01m[K/workspaces/ros2-coding/turtlesim_ws/src/ros-controls/ros2_controllers/mecanum_drive_controller/test/test_mecanum_drive_controller.cpp:[m[K In member function â€˜[01m[Kvirtual void MecanumDriveControllerTest_when_ref_msg_old_expect_cmnd_itfs_set_to_zero_otherwise_to_valid_cmnds_Test::[01;32m[KTestBody[m[K()[m[Kâ€™:
[64.128s] [01m[K/workspaces/ros2-coding/turtlesim_ws/src/ros-controls/ros2_controllers/mecanum_drive_controller/test/test_mecanum_drive_controller.cpp:564:60:[m[K [01;35m[Kwarning: [m[Kâ€˜[01m[Kdouble hardware_interface::LoanedCommandInterface::[01;32m[Kget_value[m[K() const[m[Kâ€™ is deprecated: Use std::optional<T> get_optional() instead to retrieve the value. This method will be removed by the ROS 2 Kilted Kaiju release. [[01;35m[K]8;;https://gcc.gnu.org/onlinedocs/gcc/Warning-Options.html#index-Wdeprecated-declarations-Wdeprecated-declarations]8;;[m[K]
[64.128s]   564 |     EXPECT_EQ([01;35m[Kcontroller_->command_interfaces_[i].get_value()[m[K, 0.0);
[64.130s]       |               [01;35m[K~~~~~~~~~~~~~~~~~~~~~~~~~~~~~~~~~~~~~~~~~~~~~^~[m[K
[64.130s] [01m[K/opt/ros/jazzy/src/gtest_vendor/include/gtest/gtest_pred_impl.h:79:52:[m[K [01;36m[Knote: [m[Kin definition of macro â€˜[01m[KGTEST_ASSERT_[m[Kâ€™
[64.130s]    79 |   if (const ::testing::AssertionResult gtest_ar = ([01;36m[Kexpression[m[K)) \
[64.130s]       |                                                    [01;36m[K^~~~~~~~~~[m[K
[64.130s] [01m[K/opt/ros/jazzy/src/gtest_vendor/include/gtest/gtest_pred_impl.h:144:3:[m[K [01;36m[Knote: [m[Kin expansion of macro â€˜[01m[KGTEST_PRED_FORMAT2_[m[Kâ€™
[64.131s]   144 |   [01;36m[KGTEST_PRED_FORMAT2_[m[K(pred_format, v1, v2, GTEST_NONFATAL_FAILURE_)
[64.133s]       |   [01;36m[K^~~~~~~~~~~~~~~~~~~[m[K
[64.136s] [01m[K/opt/ros/jazzy/src/gtest_vendor/include/gtest/gtest.h:1869:3:[m[K [01;36m[Knote: [m[Kin expansion of macro â€˜[01m[KEXPECT_PRED_FORMAT2[m[Kâ€™
[64.136s]  1869 |   [01;36m[KEXPECT_PRED_FORMAT2[m[K(::testing::internal::EqHelper::Compare, val1, val2)
[64.136s]       |   [01;36m[K^~~~~~~~~~~~~~~~~~~[m[K
[64.136s] [01m[K/workspaces/ros2-coding/turtlesim_ws/src/ros-controls/ros2_controllers/mecanum_drive_controller/test/test_mecanum_drive_controller.cpp:564:5:[m[K [01;36m[Knote: [m[Kin expansion of macro â€˜[01m[KEXPECT_EQ[m[Kâ€™
[64.136s]   564 |     [01;36m[KEXPECT_EQ[m[K(controller_->command_interfaces_[i].get_value(), 0.0);
[64.137s]       |     [01;36m[K^~~~~~~~~[m[K
[64.137s] [01m[K/workspaces/ros2-coding/install/hardware_interface/include/hardware_interface/hardware_interface/loaned_command_interface.hpp:134:10:[m[K [01;36m[Knote: [m[Kdeclared here
[64.137s]   134 |   double [01;36m[Kget_value[m[K() const
[64.137s]       |          [01;36m[K^~~~~~~~~[m[K
[64.139s] [01m[K/workspaces/ros2-coding/turtlesim_ws/src/ros-controls/ros2_controllers/mecanum_drive_controller/test/test_mecanum_drive_controller.cpp:603:60:[m[K [01;35m[Kwarning: [m[Kâ€˜[01m[Kdouble hardware_interface::LoanedCommandInterface::[01;32m[Kget_value[m[K() const[m[Kâ€™ is deprecated: Use std::optional<T> get_optional() instead to retrieve the value. This method will be removed by the ROS 2 Kilted Kaiju release. [[01;35m[K]8;;https://gcc.gnu.org/onlinedocs/gcc/Warning-Options.html#index-Wdeprecated-declarations-Wdeprecated-declarations]8;;[m[K]
[64.139s]   603 |     EXPECT_EQ([01;35m[Kcontroller_->command_interfaces_[i].get_value()[m[K, 3.0);
[64.139s]       |               [01;35m[K~~~~~~~~~~~~~~~~~~~~~~~~~~~~~~~~~~~~~~~~~~~~~^~[m[K
[64.141s] [01m[K/opt/ros/jazzy/src/gtest_vendor/include/gtest/gtest_pred_impl.h:79:52:[m[K [01;36m[Knote: [m[Kin definition of macro â€˜[01m[KGTEST_ASSERT_[m[Kâ€™
[64.141s]    79 |   if (const ::testing::AssertionResult gtest_ar = ([01;36m[Kexpression[m[K)) \
[64.141s]       |                                                    [01;36m[K^~~~~~~~~~[m[K
[64.141s] [01m[K/opt/ros/jazzy/src/gtest_vendor/include/gtest/gtest_pred_impl.h:144:3:[m[K [01;36m[Knote: [m[Kin expansion of macro â€˜[01m[KGTEST_PRED_FORMAT2_[m[Kâ€™
[64.141s]   144 |   [01;36m[KGTEST_PRED_FORMAT2_[m[K(pred_format, v1, v2, GTEST_NONFATAL_FAILURE_)
[64.142s]       |   [01;36m[K^~~~~~~~~~~~~~~~~~~[m[K
[64.142s] [01m[K/opt/ros/jazzy/src/gtest_vendor/include/gtest/gtest.h:1869:3:[m[K [01;36m[Knote: [m[Kin expansion of macro â€˜[01m[KEXPECT_PRED_FORMAT2[m[Kâ€™
[64.142s]  1869 |   [01;36m[KEXPECT_PRED_FORMAT2[m[K(::testing::internal::EqHelper::Compare, val1, val2)
[64.145s]       |   [01;36m[K^~~~~~~~~~~~~~~~~~~[m[K
[64.145s] [01m[K/workspaces/ros2-coding/turtlesim_ws/src/ros-controls/ros2_controllers/mecanum_drive_controller/test/test_mecanum_drive_controller.cpp:603:5:[m[K [01;36m[Knote: [m[Kin expansion of macro â€˜[01m[KEXPECT_EQ[m[Kâ€™
[64.145s]   603 |     [01;36m[KEXPECT_EQ[m[K(controller_->command_interfaces_[i].get_value(), 3.0);
[64.146s]       |     [01;36m[K^~~~~~~~~[m[K
[64.146s] [01m[K/workspaces/ros2-coding/install/hardware_interface/include/hardware_interface/hardware_interface/loaned_command_interface.hpp:134:10:[m[K [01;36m[Knote: [m[Kdeclared here
[64.146s]   134 |   double [01;36m[Kget_value[m[K() const
[64.146s]       |          [01;36m[K^~~~~~~~~[m[K
[64.146s] [01m[K/workspaces/ros2-coding/turtlesim_ws/src/ros-controls/ros2_controllers/mecanum_drive_controller/test/test_mecanum_drive_controller.cpp:[m[K In member function â€˜[01m[Kvirtual void MecanumDriveControllerTest_when_controller_in_chainable_mode_expect_receiving_commands_from_reference_interfaces_directly_Test::[01;32m[KTestBody[m[K()[m[Kâ€™:
[64.149s] [01m[K/workspaces/ros2-coding/turtlesim_ws/src/ros-controls/ros2_controllers/mecanum_drive_controller/test/test_mecanum_drive_controller.cpp:662:60:[m[K [01;35m[Kwarning: [m[Kâ€˜[01m[Kdouble hardware_interface::LoanedCommandInterface::[01;32m[Kget_value[m[K() const[m[Kâ€™ is deprecated: Use std::optional<T> get_optional() instead to retrieve the value. This method will be removed by the ROS 2 Kilted Kaiju release. [[01;35m[K]8;;https://gcc.gnu.org/onlinedocs/gcc/Warning-Options.html#index-Wdeprecated-declarations-Wdeprecated-declarations]8;;[m[K]
[64.149s]   662 |     EXPECT_EQ([01;35m[Kcontroller_->command_interfaces_[i].get_value()[m[K, 6.0);
[64.149s]       |               [01;35m[K~~~~~~~~~~~~~~~~~~~~~~~~~~~~~~~~~~~~~~~~~~~~~^~[m[K
[64.149s] [01m[K/opt/ros/jazzy/src/gtest_vendor/include/gtest/gtest_pred_impl.h:79:52:[m[K [01;36m[Knote: [m[Kin definition of macro â€˜[01m[KGTEST_ASSERT_[m[Kâ€™
[64.149s]    79 |   if (const ::testing::AssertionResult gtest_ar = ([01;36m[Kexpression[m[K)) \
[64.150s]       |                                                    [01;36m[K^~~~~~~~~~[m[K
[64.150s] [01m[K/opt/ros/jazzy/src/gtest_vendor/include/gtest/gtest_pred_impl.h:144:3:[m[K [01;36m[Knote: [m[Kin expansion of macro â€˜[01m[KGTEST_PRED_FORMAT2_[m[Kâ€™
[64.150s]   144 |   [01;36m[KGTEST_PRED_FORMAT2_[m[K(pred_format, v1, v2, GTEST_NONFATAL_FAILURE_)
[64.150s]       |   [01;36m[K^~~~~~~~~~~~~~~~~~~[m[K
[64.150s] [01m[K/opt/ros/jazzy/src/gtest_vendor/include/gtest/gtest.h:1869:3:[m[K [01;36m[Knote: [m[Kin expansion of macro â€˜[01m[KEXPECT_PRED_FORMAT2[m[Kâ€™
[64.150s]  1869 |   [01;36m[KEXPECT_PRED_FORMAT2[m[K(::testing::internal::EqHelper::Compare, val1, val2)
[64.150s]       |   [01;36m[K^~~~~~~~~~~~~~~~~~~[m[K
[64.150s] [01m[K/workspaces/ros2-coding/turtlesim_ws/src/ros-controls/ros2_controllers/mecanum_drive_controller/test/test_mecanum_drive_controller.cpp:662:5:[m[K [01;36m[Knote: [m[Kin expansion of macro â€˜[01m[KEXPECT_EQ[m[Kâ€™
[64.150s]   662 |     [01;36m[KEXPECT_EQ[m[K(controller_->command_interfaces_[i].get_value(), 6.0);
[64.151s]       |     [01;36m[K^~~~~~~~~[m[K
[64.153s] [01m[K/workspaces/ros2-coding/install/hardware_interface/include/hardware_interface/hardware_interface/loaned_command_interface.hpp:134:10:[m[K [01;36m[Knote: [m[Kdeclared here
[64.153s]   134 |   double [01;36m[Kget_value[m[K() const
[64.153s]       |          [01;36m[K^~~~~~~~~[m[K
[64.185s] [01m[K/workspaces/ros2-coding/turtlesim_ws/src/ros-controls/ros2_controllers/mecanum_drive_controller/test/test_mecanum_drive_controller.cpp:[m[K In member function â€˜[01m[Kvirtual void MecanumDriveControllerTest_SideToSideAndRotationOdometryTest_Test::[01;32m[KTestBody[m[K()[m[Kâ€™:
[64.185s] [01m[K/workspaces/ros2-coding/turtlesim_ws/src/ros-controls/ros2_controllers/mecanum_drive_controller/test/test_mecanum_drive_controller.cpp:813:89:[m[K [01;35m[Kwarning: [m[Kâ€˜[01m[Kdouble hardware_interface::LoanedCommandInterface::[01;32m[Kget_value[m[K() const[m[Kâ€™ is deprecated: Use std::optional<T> get_optional() instead to retrieve the value. This method will be removed by the ROS 2 Kilted Kaiju release. [[01;35m[K]8;;https://gcc.gnu.org/onlinedocs/gcc/Warning-Options.html#index-Wdeprecated-declarations-Wdeprecated-declarations]8;;[m[K]
[64.185s]   813 |     joint_state_values_[fl_index] = [01;35m[Kcontroller_->command_interfaces_[fl_index].get_value()[m[K;
[64.185s]       |                                     [01;35m[K~~~~~~~~~~~~~~~~~~~~~~~~~~~~~~~~~~~~~~~~~~~~~~~~~~~~^~[m[K
[64.185s] [01m[K/workspaces/ros2-coding/install/hardware_interface/include/hardware_interface/hardware_interface/loaned_command_interface.hpp:134:10:[m[K [01;36m[Knote: [m[Kdeclared here
[64.186s]   134 |   double [01;36m[Kget_value[m[K() const
[64.186s]       |          [01;36m[K^~~~~~~~~[m[K
[64.193s] [01m[K/workspaces/ros2-coding/turtlesim_ws/src/ros-controls/ros2_controllers/mecanum_drive_controller/test/test_mecanum_drive_controller.cpp:814:89:[m[K [01;35m[Kwarning: [m[Kâ€˜[01m[Kdouble hardware_interface::LoanedCommandInterface::[01;32m[Kget_value[m[K() const[m[Kâ€™ is deprecated: Use std::optional<T> get_optional() instead to retrieve the value. This method will be removed by the ROS 2 Kilted Kaiju release. [[01;35m[K]8;;https://gcc.gnu.org/onlinedocs/gcc/Warning-Options.html#index-Wdeprecated-declarations-Wdeprecated-declarations]8;;[m[K]
[64.193s]   814 |     joint_state_values_[fr_index] = [01;35m[Kcontroller_->command_interfaces_[fr_index].get_value()[m[K;
[64.193s]       |                                     [01;35m[K~~~~~~~~~~~~~~~~~~~~~~~~~~~~~~~~~~~~~~~~~~~~~~~~~~~~^~[m[K
[64.193s] [01m[K/workspaces/ros2-coding/install/hardware_interface/include/hardware_interface/hardware_interface/loaned_command_interface.hpp:134:10:[m[K [01;36m[Knote: [m[Kdeclared here
[64.193s]   134 |   double [01;36m[Kget_value[m[K() const
[64.193s]       |          [01;36m[K^~~~~~~~~[m[K
[64.202s] [01m[K/workspaces/ros2-coding/turtlesim_ws/src/ros-controls/ros2_controllers/mecanum_drive_controller/test/test_mecanum_drive_controller.cpp:815:89:[m[K [01;35m[Kwarning: [m[Kâ€˜[01m[Kdouble hardware_interface::LoanedCommandInterface::[01;32m[Kget_value[m[K() const[m[Kâ€™ is deprecated: Use std::optional<T> get_optional() instead to retrieve the value. This method will be removed by the ROS 2 Kilted Kaiju release. [[01;35m[K]8;;https://gcc.gnu.org/onlinedocs/gcc/Warning-Options.html#index-Wdeprecated-declarations-Wdeprecated-declarations]8;;[m[K]
[64.203s]   815 |     joint_state_values_[rl_index] = [01;35m[Kcontroller_->command_interfaces_[rl_index].get_value()[m[K;
[64.203s]       |                                     [01;35m[K~~~~~~~~~~~~~~~~~~~~~~~~~~~~~~~~~~~~~~~~~~~~~~~~~~~~^~[m[K
[64.203s] [01m[K/workspaces/ros2-coding/install/hardware_interface/include/hardware_interface/hardware_interface/loaned_command_interface.hpp:134:10:[m[K [01;36m[Knote: [m[Kdeclared here
[64.204s]   134 |   double [01;36m[Kget_value[m[K() const
[64.205s]       |          [01;36m[K^~~~~~~~~[m[K
[64.205s] [01m[K/workspaces/ros2-coding/turtlesim_ws/src/ros-controls/ros2_controllers/mecanum_drive_controller/test/test_mecanum_drive_controller.cpp:816:89:[m[K [01;35m[Kwarning: [m[Kâ€˜[01m[Kdouble hardware_interface::LoanedCommandInterface::[01;32m[Kget_value[m[K() const[m[Kâ€™ is deprecated: Use std::optional<T> get_optional() instead to retrieve the value. This method will be removed by the ROS 2 Kilted Kaiju release. [[01;35m[K]8;;https://gcc.gnu.org/onlinedocs/gcc/Warning-Options.html#index-Wdeprecated-declarations-Wdeprecated-declarations]8;;[m[K]
[64.205s]   816 |     joint_state_values_[rr_index] = [01;35m[Kcontroller_->command_interfaces_[rr_index].get_value()[m[K;
[64.206s]       |                                     [01;35m[K~~~~~~~~~~~~~~~~~~~~~~~~~~~~~~~~~~~~~~~~~~~~~~~~~~~~^~[m[K
[64.206s] [01m[K/workspaces/ros2-coding/install/hardware_interface/include/hardware_interface/hardware_interface/loaned_command_interface.hpp:134:10:[m[K [01;36m[Knote: [m[Kdeclared here
[64.206s]   134 |   double [01;36m[Kget_value[m[K() const
[64.206s]       |          [01;36m[K^~~~~~~~~[m[K
[79.997s] [ 87%] [32m[1mLinking CXX executable test_mecanum_drive_controller[0m
[81.414s] [ 87%] Built target test_mecanum_drive_controller
[81.483s] [ 93%] [32mBuilding CXX object CMakeFiles/test_mecanum_drive_controller_preceding.dir/test/test_mecanum_drive_controller_preceding.cpp.o[0m
[94.328s] [100%] [32m[1mLinking CXX executable test_mecanum_drive_controller_preceding[0m
[95.442s] [100%] Built target test_mecanum_drive_controller_preceding
[95.517s] Invoked command in '/workspaces/ros2-coding/build/mecanum_drive_controller' returned '0': AMENT_PREFIX_PATH=/workspaces/ros2-coding/install/controller_manager:/workspaces/ros2-coding/install/hardware_interface_testing:/workspaces/ros2-coding/install/controller_interface:/workspaces/ros2-coding/install/hardware_interface:/workspaces/ros2-coding/install/joint_limits:/workspaces/ros2-coding/install/realtime_tools:/workspaces/ros2-coding/install/ros2_control_test_assets:/workspaces/ros2-coding/install/ros2_control_cmake:/workspaces/ros2-coding/install/controller_manager_msgs:/workspaces/ros2-coding/install/control_msgs:${AMENT_PREFIX_PATH} CMAKE_PREFIX_PATH=/workspaces/ros2-coding/install/controller_manager:/workspaces/ros2-coding/install/hardware_interface_testing:/workspaces/ros2-coding/install/controller_interface:/workspaces/ros2-coding/install/hardware_interface:/workspaces/ros2-coding/install/joint_limits:/workspaces/ros2-coding/install/realtime_tools:/workspaces/ros2-coding/install/ros2_control_test_assets:/workspaces/ros2-coding/install/ros2_control_cmake:/workspaces/ros2-coding/install/controller_manager_msgs:/workspaces/ros2-coding/install/control_msgs:/opt/ros/jazzy/opt/gz_sim_vendor:/opt/ros/jazzy/opt/gz_sensors_vendor:/opt/ros/jazzy/opt/gz_physics_vendor:/opt/ros/jazzy/opt/sdformat_vendor:/opt/ros/jazzy/opt/gz_gui_vendor:/opt/ros/jazzy/opt/gz_transport_vendor:/opt/ros/jazzy/opt/gz_rendering_vendor:/opt/ros/jazzy/opt/gz_plugin_vendor:/opt/ros/jazzy/opt/gz_fuel_tools_vendor:/opt/ros/jazzy/opt/gz_msgs_vendor:/opt/ros/jazzy/opt/gz_common_vendor:/opt/ros/jazzy/opt/gz_math_vendor:/opt/ros/jazzy/opt/gz_utils_vendor:/opt/ros/jazzy/opt/gz_tools_vendor:/opt/ros/jazzy/opt/gz_ogre_next_vendor:/opt/ros/jazzy/opt/gz_dartsim_vendor:/opt/ros/jazzy/opt/gz_cmake_vendor:/opt/ros/jazzy LD_LIBRARY_PATH=/workspaces/ros2-coding/install/controller_manager/lib:/workspaces/ros2-coding/install/hardware_interface_testing/lib:/workspaces/ros2-coding/install/controller_interface/lib:/workspaces/ros2-coding/install/hardware_interface/lib:/workspaces/ros2-coding/install/joint_limits/lib:/workspaces/ros2-coding/install/realtime_tools/lib:/workspaces/ros2-coding/install/ros2_control_test_assets/lib:/workspaces/ros2-coding/install/controller_manager_msgs/lib:/workspaces/ros2-coding/install/control_msgs/lib:${LD_LIBRARY_PATH} PYTHONPATH=/workspaces/ros2-coding/install/controller_manager/lib/python3.12/site-packages:/workspaces/ros2-coding/install/controller_manager_msgs/lib/python3.12/site-packages:/workspaces/ros2-coding/install/control_msgs/lib/python3.12/site-packages:${PYTHONPATH} /usr/bin/cmake --build /workspaces/ros2-coding/build/mecanum_drive_controller -- -j2 -l2
[95.521s] Invoking command in '/workspaces/ros2-coding/build/mecanum_drive_controller': AMENT_PREFIX_PATH=/workspaces/ros2-coding/install/controller_manager:/workspaces/ros2-coding/install/hardware_interface_testing:/workspaces/ros2-coding/install/controller_interface:/workspaces/ros2-coding/install/hardware_interface:/workspaces/ros2-coding/install/joint_limits:/workspaces/ros2-coding/install/realtime_tools:/workspaces/ros2-coding/install/ros2_control_test_assets:/workspaces/ros2-coding/install/ros2_control_cmake:/workspaces/ros2-coding/install/controller_manager_msgs:/workspaces/ros2-coding/install/control_msgs:${AMENT_PREFIX_PATH} CMAKE_PREFIX_PATH=/workspaces/ros2-coding/install/controller_manager:/workspaces/ros2-coding/install/hardware_interface_testing:/workspaces/ros2-coding/install/controller_interface:/workspaces/ros2-coding/install/hardware_interface:/workspaces/ros2-coding/install/joint_limits:/workspaces/ros2-coding/install/realtime_tools:/workspaces/ros2-coding/install/ros2_control_test_assets:/workspaces/ros2-coding/install/ros2_control_cmake:/workspaces/ros2-coding/install/controller_manager_msgs:/workspaces/ros2-coding/install/control_msgs:/opt/ros/jazzy/opt/gz_sim_vendor:/opt/ros/jazzy/opt/gz_sensors_vendor:/opt/ros/jazzy/opt/gz_physics_vendor:/opt/ros/jazzy/opt/sdformat_vendor:/opt/ros/jazzy/opt/gz_gui_vendor:/opt/ros/jazzy/opt/gz_transport_vendor:/opt/ros/jazzy/opt/gz_rendering_vendor:/opt/ros/jazzy/opt/gz_plugin_vendor:/opt/ros/jazzy/opt/gz_fuel_tools_vendor:/opt/ros/jazzy/opt/gz_msgs_vendor:/opt/ros/jazzy/opt/gz_common_vendor:/opt/ros/jazzy/opt/gz_math_vendor:/opt/ros/jazzy/opt/gz_utils_vendor:/opt/ros/jazzy/opt/gz_tools_vendor:/opt/ros/jazzy/opt/gz_ogre_next_vendor:/opt/ros/jazzy/opt/gz_dartsim_vendor:/opt/ros/jazzy/opt/gz_cmake_vendor:/opt/ros/jazzy LD_LIBRARY_PATH=/workspaces/ros2-coding/install/controller_manager/lib:/workspaces/ros2-coding/install/hardware_interface_testing/lib:/workspaces/ros2-coding/install/controller_interface/lib:/workspaces/ros2-coding/install/hardware_interface/lib:/workspaces/ros2-coding/install/joint_limits/lib:/workspaces/ros2-coding/install/realtime_tools/lib:/workspaces/ros2-coding/install/ros2_control_test_assets/lib:/workspaces/ros2-coding/install/controller_manager_msgs/lib:/workspaces/ros2-coding/install/control_msgs/lib:${LD_LIBRARY_PATH} PYTHONPATH=/workspaces/ros2-coding/install/controller_manager/lib/python3.12/site-packages:/workspaces/ros2-coding/install/controller_manager_msgs/lib/python3.12/site-packages:/workspaces/ros2-coding/install/control_msgs/lib/python3.12/site-packages:${PYTHONPATH} /usr/bin/cmake --install /workspaces/ros2-coding/build/mecanum_drive_controller
[95.560s] -- Install configuration: ""
[95.563s] -- Execute custom install script
[95.566s] -- Symlinking: /workspaces/ros2-coding/install/mecanum_drive_controller/include/mecanum_drive_controller/mecanum_drive_controller_parameters.hpp
[95.609s] -- Symlinking: /workspaces/ros2-coding/install/mecanum_drive_controller/share/mecanum_drive_controller//mecanum_drive_controller.xml
[95.654s] -- Symlinking: /workspaces/ros2-coding/install/mecanum_drive_controller/include/mecanum_drive_controller/mecanum_drive_controller/mecanum_drive_controller.hpp
[95.674s] -- Symlinking: /workspaces/ros2-coding/install/mecanum_drive_controller/include/mecanum_drive_controller/mecanum_drive_controller/odometry.hpp
[95.697s] -- Symlinking: /workspaces/ros2-coding/install/mecanum_drive_controller/share/mecanum_drive_controller/environment/library_path.sh
[95.717s] -- Symlinking: /workspaces/ros2-coding/install/mecanum_drive_controller/share/mecanum_drive_controller/environment/library_path.dsv
[95.737s] -- Symlinking: /workspaces/ros2-coding/install/mecanum_drive_controller/share/ament_index/resource_index/package_run_dependencies/mecanum_drive_controller
[95.759s] -- Symlinking: /workspaces/ros2-coding/install/mecanum_drive_controller/share/ament_index/resource_index/parent_prefix_path/mecanum_drive_controller
[95.780s] -- Symlinking: /workspaces/ros2-coding/install/mecanum_drive_controller/share/mecanum_drive_controller/environment/ament_prefix_path.sh
[95.802s] -- Symlinking: /workspaces/ros2-coding/install/mecanum_drive_controller/share/mecanum_drive_controller/environment/ament_prefix_path.dsv
[95.818s] -- Symlinking: /workspaces/ros2-coding/install/mecanum_drive_controller/share/mecanum_drive_controller/environment/path.sh
[95.836s] -- Symlinking: /workspaces/ros2-coding/install/mecanum_drive_controller/share/mecanum_drive_controller/environment/path.dsv
[95.860s] -- Symlinking: /workspaces/ros2-coding/install/mecanum_drive_controller/share/mecanum_drive_controller/local_setup.bash
[95.880s] -- Symlinking: /workspaces/ros2-coding/install/mecanum_drive_controller/share/mecanum_drive_controller/local_setup.sh
[95.900s] -- Symlinking: /workspaces/ros2-coding/install/mecanum_drive_controller/share/mecanum_drive_controller/local_setup.zsh
[95.920s] -- Symlinking: /workspaces/ros2-coding/install/mecanum_drive_controller/share/mecanum_drive_controller/local_setup.dsv
[95.939s] -- Symlinking: /workspaces/ros2-coding/install/mecanum_drive_controller/share/mecanum_drive_controller/package.dsv
[95.967s] -- Symlinking: /workspaces/ros2-coding/install/mecanum_drive_controller/share/ament_index/resource_index/packages/mecanum_drive_controller
[96.003s] -- Symlinking: /workspaces/ros2-coding/install/mecanum_drive_controller/share/ament_index/resource_index/controller_interface__pluginlib__plugin/mecanum_drive_controller
[96.030s] -- Symlinking: /workspaces/ros2-coding/install/mecanum_drive_controller/share/mecanum_drive_controller/cmake/ament_cmake_export_dependencies-extras.cmake
[96.052s] -- Symlinking: /workspaces/ros2-coding/install/mecanum_drive_controller/share/mecanum_drive_controller/cmake/ament_cmake_export_targets-extras.cmake
[96.067s] -- Symlinking: /workspaces/ros2-coding/install/mecanum_drive_controller/share/mecanum_drive_controller/cmake/mecanum_drive_controllerConfig.cmake
[96.090s] -- Symlinking: /workspaces/ros2-coding/install/mecanum_drive_controller/share/mecanum_drive_controller/cmake/mecanum_drive_controllerConfig-version.cmake
[96.111s] -- Symlinking: /workspaces/ros2-coding/install/mecanum_drive_controller/share/mecanum_drive_controller/package.xml
[96.131s] -- Installing: /workspaces/ros2-coding/install/mecanum_drive_controller/lib/libmecanum_drive_controller.so
[96.176s] -- Set non-toolchain portion of runtime path of "/workspaces/ros2-coding/install/mecanum_drive_controller/lib/libmecanum_drive_controller.so" to ""
[96.177s] -- Installing: /workspaces/ros2-coding/install/mecanum_drive_controller/share/mecanum_drive_controller/cmake/export_mecanum_drive_controllerExport.cmake
[96.178s] -- Installing: /workspaces/ros2-coding/install/mecanum_drive_controller/share/mecanum_drive_controller/cmake/export_mecanum_drive_controllerExport-noconfig.cmake
[96.182s] Invoked command in '/workspaces/ros2-coding/build/mecanum_drive_controller' returned '0': AMENT_PREFIX_PATH=/workspaces/ros2-coding/install/controller_manager:/workspaces/ros2-coding/install/hardware_interface_testing:/workspaces/ros2-coding/install/controller_interface:/workspaces/ros2-coding/install/hardware_interface:/workspaces/ros2-coding/install/joint_limits:/workspaces/ros2-coding/install/realtime_tools:/workspaces/ros2-coding/install/ros2_control_test_assets:/workspaces/ros2-coding/install/ros2_control_cmake:/workspaces/ros2-coding/install/controller_manager_msgs:/workspaces/ros2-coding/install/control_msgs:${AMENT_PREFIX_PATH} CMAKE_PREFIX_PATH=/workspaces/ros2-coding/install/controller_manager:/workspaces/ros2-coding/install/hardware_interface_testing:/workspaces/ros2-coding/install/controller_interface:/workspaces/ros2-coding/install/hardware_interface:/workspaces/ros2-coding/install/joint_limits:/workspaces/ros2-coding/install/realtime_tools:/workspaces/ros2-coding/install/ros2_control_test_assets:/workspaces/ros2-coding/install/ros2_control_cmake:/workspaces/ros2-coding/install/controller_manager_msgs:/workspaces/ros2-coding/install/control_msgs:/opt/ros/jazzy/opt/gz_sim_vendor:/opt/ros/jazzy/opt/gz_sensors_vendor:/opt/ros/jazzy/opt/gz_physics_vendor:/opt/ros/jazzy/opt/sdformat_vendor:/opt/ros/jazzy/opt/gz_gui_vendor:/opt/ros/jazzy/opt/gz_transport_vendor:/opt/ros/jazzy/opt/gz_rendering_vendor:/opt/ros/jazzy/opt/gz_plugin_vendor:/opt/ros/jazzy/opt/gz_fuel_tools_vendor:/opt/ros/jazzy/opt/gz_msgs_vendor:/opt/ros/jazzy/opt/gz_common_vendor:/opt/ros/jazzy/opt/gz_math_vendor:/opt/ros/jazzy/opt/gz_utils_vendor:/opt/ros/jazzy/opt/gz_tools_vendor:/opt/ros/jazzy/opt/gz_ogre_next_vendor:/opt/ros/jazzy/opt/gz_dartsim_vendor:/opt/ros/jazzy/opt/gz_cmake_vendor:/opt/ros/jazzy LD_LIBRARY_PATH=/workspaces/ros2-coding/install/controller_manager/lib:/workspaces/ros2-coding/install/hardware_interface_testing/lib:/workspaces/ros2-coding/install/controller_interface/lib:/workspaces/ros2-coding/install/hardware_interface/lib:/workspaces/ros2-coding/install/joint_limits/lib:/workspaces/ros2-coding/install/realtime_tools/lib:/workspaces/ros2-coding/install/ros2_control_test_assets/lib:/workspaces/ros2-coding/install/controller_manager_msgs/lib:/workspaces/ros2-coding/install/control_msgs/lib:${LD_LIBRARY_PATH} PYTHONPATH=/workspaces/ros2-coding/install/controller_manager/lib/python3.12/site-packages:/workspaces/ros2-coding/install/controller_manager_msgs/lib/python3.12/site-packages:/workspaces/ros2-coding/install/control_msgs/lib/python3.12/site-packages:${PYTHONPATH} /usr/bin/cmake --install /workspaces/ros2-coding/build/mecanum_drive_controller
