[0.075s] Invoking command in '/workspaces/ros2-coding/build/pid_controller': AMENT_PREFIX_PATH=/workspaces/ros2-coding/install/controller_manager:/workspaces/ros2-coding/install/hardware_interface_testing:/workspaces/ros2-coding/install/controller_interface:/workspaces/ros2-coding/install/hardware_interface:/workspaces/ros2-coding/install/joint_limits:/workspaces/ros2-coding/install/control_toolbox:/workspaces/ros2-coding/install/realtime_tools:/workspaces/ros2-coding/install/ros2_control_test_assets:/workspaces/ros2-coding/install/ros2_control_cmake:/workspaces/ros2-coding/install/controller_manager_msgs:/workspaces/ros2-coding/install/control_msgs:${AMENT_PREFIX_PATH} CMAKE_PREFIX_PATH=/workspaces/ros2-coding/install/controller_manager:/workspaces/ros2-coding/install/hardware_interface_testing:/workspaces/ros2-coding/install/controller_interface:/workspaces/ros2-coding/install/hardware_interface:/workspaces/ros2-coding/install/joint_limits:/workspaces/ros2-coding/install/control_toolbox:/workspaces/ros2-coding/install/realtime_tools:/workspaces/ros2-coding/install/ros2_control_test_assets:/workspaces/ros2-coding/install/ros2_control_cmake:/workspaces/ros2-coding/install/controller_manager_msgs:/workspaces/ros2-coding/install/control_msgs:/opt/ros/jazzy/opt/gz_sim_vendor:/opt/ros/jazzy/opt/gz_sensors_vendor:/opt/ros/jazzy/opt/gz_physics_vendor:/opt/ros/jazzy/opt/sdformat_vendor:/opt/ros/jazzy/opt/gz_gui_vendor:/opt/ros/jazzy/opt/gz_transport_vendor:/opt/ros/jazzy/opt/gz_rendering_vendor:/opt/ros/jazzy/opt/gz_plugin_vendor:/opt/ros/jazzy/opt/gz_fuel_tools_vendor:/opt/ros/jazzy/opt/gz_msgs_vendor:/opt/ros/jazzy/opt/gz_common_vendor:/opt/ros/jazzy/opt/gz_math_vendor:/opt/ros/jazzy/opt/gz_utils_vendor:/opt/ros/jazzy/opt/gz_tools_vendor:/opt/ros/jazzy/opt/gz_ogre_next_vendor:/opt/ros/jazzy/opt/gz_dartsim_vendor:/opt/ros/jazzy/opt/gz_cmake_vendor:/opt/ros/jazzy LD_LIBRARY_PATH=/workspaces/ros2-coding/install/controller_manager/lib:/workspaces/ros2-coding/install/hardware_interface_testing/lib:/workspaces/ros2-coding/install/controller_interface/lib:/workspaces/ros2-coding/install/hardware_interface/lib:/workspaces/ros2-coding/install/joint_limits/lib:/workspaces/ros2-coding/install/control_toolbox/lib:/workspaces/ros2-coding/install/realtime_tools/lib:/workspaces/ros2-coding/install/ros2_control_test_assets/lib:/workspaces/ros2-coding/install/controller_manager_msgs/lib:/workspaces/ros2-coding/install/control_msgs/lib:${LD_LIBRARY_PATH} PYTHONPATH=/workspaces/ros2-coding/install/controller_manager/lib/python3.12/site-packages:/workspaces/ros2-coding/install/controller_manager_msgs/lib/python3.12/site-packages:/workspaces/ros2-coding/install/control_msgs/lib/python3.12/site-packages:${PYTHONPATH} /usr/bin/cmake /workspaces/ros2-coding/turtlesim_ws/src/ros-controls/ros2_controllers/pid_controller -DAMENT_CMAKE_SYMLINK_INSTALL=1 -DCMAKE_INSTALL_PREFIX=/workspaces/ros2-coding/install/pid_controller
[0.201s] -- The C compiler identification is GNU 13.3.0
[0.316s] -- The CXX compiler identification is GNU 13.3.0
[0.350s] -- Detecting C compiler ABI info
[0.548s] -- Detecting C compiler ABI info - done
[0.577s] -- Check for working C compiler: /usr/bin/cc - skipped
[0.577s] -- Detecting C compile features
[0.578s] -- Detecting C compile features - done
[0.597s] -- Detecting CXX compiler ABI info
[0.853s] -- Detecting CXX compiler ABI info - done
[0.873s] -- Check for working CXX compiler: /usr/bin/c++ - skipped
[0.874s] -- Detecting CXX compile features
[0.876s] -- Detecting CXX compile features - done
[0.881s] -- Found ros2_control_cmake: 0.2.1 (/workspaces/ros2-coding/install/ros2_control_cmake/share/ros2_control_cmake/cmake)
[0.882s] -- Compiler warnings enabled for GNU
[0.882s] -- Detected GCC Version: 13.3.0 (Major: 13, Minor: 3)
[0.901s] -- Found ament_cmake: 2.5.4 (/opt/ros/jazzy/share/ament_cmake/cmake)
[1.317s] -- Found Python3: /usr/bin/python3 (found version "3.12.3") found components: Interpreter 
[1.459s] -- Override CMake install command with custom implementation using symlinks instead of copying resources
[1.682s] -- Found angles: 1.16.0 (/opt/ros/jazzy/share/angles/cmake)
[1.691s] -- Found control_msgs: 5.5.0 (/workspaces/ros2-coding/install/control_msgs/share/control_msgs/cmake)
[1.887s] -- Found rosidl_generator_c: 4.6.6 (/opt/ros/jazzy/share/rosidl_generator_c/cmake)
[1.959s] -- Found rosidl_generator_cpp: 4.6.6 (/opt/ros/jazzy/share/rosidl_generator_cpp/cmake)
[2.042s] -- Using all available rosidl_typesupport_c: rosidl_typesupport_fastrtps_c;rosidl_typesupport_introspection_c
[2.141s] -- Using all available rosidl_typesupport_cpp: rosidl_typesupport_fastrtps_cpp;rosidl_typesupport_introspection_cpp
[2.768s] -- Found control_toolbox: 4.7.0 (/workspaces/ros2-coding/install/control_toolbox/share/control_toolbox/cmake)
[2.977s] -- Found rmw_implementation_cmake: 7.3.2 (/opt/ros/jazzy/share/rmw_implementation_cmake/cmake)
[2.991s] -- Found rmw_fastrtps_cpp: 8.4.3 (/opt/ros/jazzy/share/rmw_fastrtps_cpp/cmake)
[3.232s] -- Found OpenSSL: /usr/lib/x86_64-linux-gnu/libcrypto.so (found version "3.0.13")  
[3.279s] -- Found FastRTPS: /opt/ros/jazzy/include (Required is at least version "2.13") 
[3.331s] -- Using RMW implementation 'rmw_fastrtps_cpp' as default
[4.506s] -- Found eigen3_cmake_module: 0.3.0 (/opt/ros/jazzy/share/eigen3_cmake_module/cmake)
[4.509s] -- Found Eigen3: TRUE (found version "3.4.0") 
[4.513s] -- Ensuring Eigen3 include directory is part of orocos-kdl CMake target
[4.816s] -- Found controller_interface: 4.37.0 (/workspaces/ros2-coding/install/controller_interface/share/controller_interface/cmake)
[5.011s] -- Found std_srvs: 5.3.6 (/opt/ros/jazzy/share/std_srvs/cmake)
[5.059s] -- Found ament_cmake_gmock: 2.5.4 (/opt/ros/jazzy/share/ament_cmake_gmock/cmake)
[5.060s] -- Found controller_manager: 4.37.0 (/workspaces/ros2-coding/install/controller_manager/share/controller_manager/cmake)
[5.233s] -- Found ros2_control_test_assets: 4.37.0 (/workspaces/ros2-coding/install/ros2_control_test_assets/share/ros2_control_test_assets/cmake)
[5.249s] -- Found gmock sources under '/opt/ros/jazzy/src/gmock_vendor': C++ tests using 'Google Mock' will be built
[5.277s] -- Found ament_cmake_gtest: 2.5.4 (/opt/ros/jazzy/share/ament_cmake_gtest/cmake)
[5.279s] -- Found gtest sources under '/opt/ros/jazzy/src/gtest_vendor': C++ tests using 'Google Test' will be built
[5.285s] -- Found gmock sources under '/opt/ros/jazzy/src/gmock_vendor': C++ tests using 'Google Mock' will be built
[5.286s] -- Found ament_cmake_gtest: 2.5.4 (/opt/ros/jazzy/share/ament_cmake_gtest/cmake)
[5.288s] -- Found gtest sources under '/opt/ros/jazzy/src/gtest_vendor': C++ tests using 'Google Test' will be built
[5.294s] -- Found gmock sources under '/opt/ros/jazzy/src/gmock_vendor': C++ tests using 'Google Mock' will be built
[5.294s] -- Found ament_cmake_gtest: 2.5.4 (/opt/ros/jazzy/share/ament_cmake_gtest/cmake)
[5.294s] -- Found gtest sources under '/opt/ros/jazzy/src/gtest_vendor': C++ tests using 'Google Test' will be built
[5.295s] -- Found gmock sources under '/opt/ros/jazzy/src/gmock_vendor': C++ tests using 'Google Mock' will be built
[5.295s] -- Found ament_cmake_gtest: 2.5.4 (/opt/ros/jazzy/share/ament_cmake_gtest/cmake)
[5.299s] -- Found gtest sources under '/opt/ros/jazzy/src/gtest_vendor': C++ tests using 'Google Test' will be built
[5.494s] -- Configuring done (5.4s)
[5.749s] -- Generating done (0.2s)
[5.793s] -- Build files have been written to: /workspaces/ros2-coding/build/pid_controller
[5.819s] Invoked command in '/workspaces/ros2-coding/build/pid_controller' returned '0': AMENT_PREFIX_PATH=/workspaces/ros2-coding/install/controller_manager:/workspaces/ros2-coding/install/hardware_interface_testing:/workspaces/ros2-coding/install/controller_interface:/workspaces/ros2-coding/install/hardware_interface:/workspaces/ros2-coding/install/joint_limits:/workspaces/ros2-coding/install/control_toolbox:/workspaces/ros2-coding/install/realtime_tools:/workspaces/ros2-coding/install/ros2_control_test_assets:/workspaces/ros2-coding/install/ros2_control_cmake:/workspaces/ros2-coding/install/controller_manager_msgs:/workspaces/ros2-coding/install/control_msgs:${AMENT_PREFIX_PATH} CMAKE_PREFIX_PATH=/workspaces/ros2-coding/install/controller_manager:/workspaces/ros2-coding/install/hardware_interface_testing:/workspaces/ros2-coding/install/controller_interface:/workspaces/ros2-coding/install/hardware_interface:/workspaces/ros2-coding/install/joint_limits:/workspaces/ros2-coding/install/control_toolbox:/workspaces/ros2-coding/install/realtime_tools:/workspaces/ros2-coding/install/ros2_control_test_assets:/workspaces/ros2-coding/install/ros2_control_cmake:/workspaces/ros2-coding/install/controller_manager_msgs:/workspaces/ros2-coding/install/control_msgs:/opt/ros/jazzy/opt/gz_sim_vendor:/opt/ros/jazzy/opt/gz_sensors_vendor:/opt/ros/jazzy/opt/gz_physics_vendor:/opt/ros/jazzy/opt/sdformat_vendor:/opt/ros/jazzy/opt/gz_gui_vendor:/opt/ros/jazzy/opt/gz_transport_vendor:/opt/ros/jazzy/opt/gz_rendering_vendor:/opt/ros/jazzy/opt/gz_plugin_vendor:/opt/ros/jazzy/opt/gz_fuel_tools_vendor:/opt/ros/jazzy/opt/gz_msgs_vendor:/opt/ros/jazzy/opt/gz_common_vendor:/opt/ros/jazzy/opt/gz_math_vendor:/opt/ros/jazzy/opt/gz_utils_vendor:/opt/ros/jazzy/opt/gz_tools_vendor:/opt/ros/jazzy/opt/gz_ogre_next_vendor:/opt/ros/jazzy/opt/gz_dartsim_vendor:/opt/ros/jazzy/opt/gz_cmake_vendor:/opt/ros/jazzy LD_LIBRARY_PATH=/workspaces/ros2-coding/install/controller_manager/lib:/workspaces/ros2-coding/install/hardware_interface_testing/lib:/workspaces/ros2-coding/install/controller_interface/lib:/workspaces/ros2-coding/install/hardware_interface/lib:/workspaces/ros2-coding/install/joint_limits/lib:/workspaces/ros2-coding/install/control_toolbox/lib:/workspaces/ros2-coding/install/realtime_tools/lib:/workspaces/ros2-coding/install/ros2_control_test_assets/lib:/workspaces/ros2-coding/install/controller_manager_msgs/lib:/workspaces/ros2-coding/install/control_msgs/lib:${LD_LIBRARY_PATH} PYTHONPATH=/workspaces/ros2-coding/install/controller_manager/lib/python3.12/site-packages:/workspaces/ros2-coding/install/controller_manager_msgs/lib/python3.12/site-packages:/workspaces/ros2-coding/install/control_msgs/lib/python3.12/site-packages:${PYTHONPATH} /usr/bin/cmake /workspaces/ros2-coding/turtlesim_ws/src/ros-controls/ros2_controllers/pid_controller -DAMENT_CMAKE_SYMLINK_INSTALL=1 -DCMAKE_INSTALL_PREFIX=/workspaces/ros2-coding/install/pid_controller
[5.822s] Invoking command in '/workspaces/ros2-coding/build/pid_controller': AMENT_PREFIX_PATH=/workspaces/ros2-coding/install/controller_manager:/workspaces/ros2-coding/install/hardware_interface_testing:/workspaces/ros2-coding/install/controller_interface:/workspaces/ros2-coding/install/hardware_interface:/workspaces/ros2-coding/install/joint_limits:/workspaces/ros2-coding/install/control_toolbox:/workspaces/ros2-coding/install/realtime_tools:/workspaces/ros2-coding/install/ros2_control_test_assets:/workspaces/ros2-coding/install/ros2_control_cmake:/workspaces/ros2-coding/install/controller_manager_msgs:/workspaces/ros2-coding/install/control_msgs:${AMENT_PREFIX_PATH} CMAKE_PREFIX_PATH=/workspaces/ros2-coding/install/controller_manager:/workspaces/ros2-coding/install/hardware_interface_testing:/workspaces/ros2-coding/install/controller_interface:/workspaces/ros2-coding/install/hardware_interface:/workspaces/ros2-coding/install/joint_limits:/workspaces/ros2-coding/install/control_toolbox:/workspaces/ros2-coding/install/realtime_tools:/workspaces/ros2-coding/install/ros2_control_test_assets:/workspaces/ros2-coding/install/ros2_control_cmake:/workspaces/ros2-coding/install/controller_manager_msgs:/workspaces/ros2-coding/install/control_msgs:/opt/ros/jazzy/opt/gz_sim_vendor:/opt/ros/jazzy/opt/gz_sensors_vendor:/opt/ros/jazzy/opt/gz_physics_vendor:/opt/ros/jazzy/opt/sdformat_vendor:/opt/ros/jazzy/opt/gz_gui_vendor:/opt/ros/jazzy/opt/gz_transport_vendor:/opt/ros/jazzy/opt/gz_rendering_vendor:/opt/ros/jazzy/opt/gz_plugin_vendor:/opt/ros/jazzy/opt/gz_fuel_tools_vendor:/opt/ros/jazzy/opt/gz_msgs_vendor:/opt/ros/jazzy/opt/gz_common_vendor:/opt/ros/jazzy/opt/gz_math_vendor:/opt/ros/jazzy/opt/gz_utils_vendor:/opt/ros/jazzy/opt/gz_tools_vendor:/opt/ros/jazzy/opt/gz_ogre_next_vendor:/opt/ros/jazzy/opt/gz_dartsim_vendor:/opt/ros/jazzy/opt/gz_cmake_vendor:/opt/ros/jazzy LD_LIBRARY_PATH=/workspaces/ros2-coding/install/controller_manager/lib:/workspaces/ros2-coding/install/hardware_interface_testing/lib:/workspaces/ros2-coding/install/controller_interface/lib:/workspaces/ros2-coding/install/hardware_interface/lib:/workspaces/ros2-coding/install/joint_limits/lib:/workspaces/ros2-coding/install/control_toolbox/lib:/workspaces/ros2-coding/install/realtime_tools/lib:/workspaces/ros2-coding/install/ros2_control_test_assets/lib:/workspaces/ros2-coding/install/controller_manager_msgs/lib:/workspaces/ros2-coding/install/control_msgs/lib:${LD_LIBRARY_PATH} PYTHONPATH=/workspaces/ros2-coding/install/controller_manager/lib/python3.12/site-packages:/workspaces/ros2-coding/install/controller_manager_msgs/lib/python3.12/site-packages:/workspaces/ros2-coding/install/control_msgs/lib/python3.12/site-packages:${PYTHONPATH} /usr/bin/cmake --build /workspaces/ros2-coding/build/pid_controller -- -j2 -l2
[5.950s] [  5%] [34m[1mRunning `/opt/ros/jazzy/bin/generate_parameter_library_cpp /workspaces/ros2-coding/build/pid_controller/include/pid_controller/pid_controller_parameters.hpp /workspaces/ros2-coding/turtlesim_ws/src/ros-controls/ros2_controllers/pid_controller/src/pid_controller.yaml `[0m
[8.782s] [ 11%] [34m[1mCreating deprecated header file /workspaces/ros2-coding/build/pid_controller/include/pid_controller_parameters.hpp[0m
[8.817s] [ 11%] Built target pid_controller_parameters
[8.863s] [ 17%] [32mBuilding CXX object gmock/CMakeFiles/gmock.dir/opt/ros/jazzy/src/gtest_vendor/src/gtest-all.cc.o[0m
[14.980s] [ 23%] [32mBuilding CXX object gmock/CMakeFiles/gmock.dir/src/gmock-all.cc.o[0m
[18.175s] [ 29%] [32m[1mLinking CXX static library libgmock.a[0m
[18.403s] [ 29%] Built target gmock
[18.468s] [ 35%] [32mBuilding CXX object gmock/CMakeFiles/gmock_main.dir/src/gmock_main.cc.o[0m
[20.280s] [ 41%] [32m[1mLinking CXX static library libgmock_main.a[0m
[20.359s] [ 41%] Built target gmock_main
[20.406s] [ 47%] [32mBuilding CXX object CMakeFiles/pid_controller.dir/src/pid_controller.cpp.o[0m
[25.534s] [01m[K/workspaces/ros2-coding/turtlesim_ws/src/ros-controls/ros2_controllers/pid_controller/src/pid_controller.cpp:[m[K In member function â€˜[01m[Kvirtual controller_interface::return_type pid_controller::PidController::[01;32m[Kupdate_and_write_commands[m[K(const rclcpp::Time&, const rclcpp::Duration&)[m[Kâ€™:
[25.535s] [01m[K/workspaces/ros2-coding/turtlesim_ws/src/ros-controls/ros2_controllers/pid_controller/src/pid_controller.cpp:496:65:[m[K [01;35m[Kwarning: [m[Kâ€˜[01m[Kdouble hardware_interface::LoanedStateInterface::[01;32m[Kget_value[m[K() const[m[Kâ€™ is deprecated: Use std::optional<T> get_optional() instead to retrieve the value. This method will be removed by the ROS 2 Kilted Kaiju release. [[01;35m[K]8;;https://gcc.gnu.org/onlinedocs/gcc/Warning-Options.html#index-Wdeprecated-declarations-Wdeprecated-declarations]8;;[m[K]
[25.540s]   496 |       measured_state_values_[i] = [01;35m[Kstate_interfaces_[i].get_value()[m[K;
[25.541s]       |                                   [01;35m[K~~~~~~~~~~~~~~~~~~~~~~~~~~~~~~^~[m[K
[25.542s] In file included from [01m[K/workspaces/ros2-coding/install/controller_interface/include/controller_interface/controller_interface/controller_interface_base.hpp:28[m[K,
[25.542s]                  from [01m[K/workspaces/ros2-coding/install/controller_interface/include/controller_interface/controller_interface/chainable_controller_interface.hpp:23[m[K,
[25.546s]                  from [01m[K/workspaces/ros2-coding/turtlesim_ws/src/ros-controls/ros2_controllers/pid_controller/include/pid_controller/pid_controller.hpp:28[m[K,
[25.547s]                  from [01m[K/workspaces/ros2-coding/turtlesim_ws/src/ros-controls/ros2_controllers/pid_controller/src/pid_controller.cpp:18[m[K:
[25.547s] [01m[K/workspaces/ros2-coding/install/hardware_interface/include/hardware_interface/hardware_interface/loaned_state_interface.hpp:94:10:[m[K [01;36m[Knote: [m[Kdeclared here
[25.549s]    94 |   double [01;36m[Kget_value[m[K() const
[25.550s]       |          [01;36m[K^~~~~~~~~[m[K
[25.551s] [01m[K/workspaces/ros2-coding/turtlesim_ws/src/ros-controls/ros2_controllers/pid_controller/src/pid_controller.cpp:601:85:[m[K [01;35m[Kwarning: [m[Kâ€˜[01m[Kdouble hardware_interface::LoanedCommandInterface::[01;32m[Kget_value[m[K() const[m[Kâ€™ is deprecated: Use std::optional<T> get_optional() instead to retrieve the value. This method will be removed by the ROS 2 Kilted Kaiju release. [[01;35m[K]8;;https://gcc.gnu.org/onlinedocs/gcc/Warning-Options.html#index-Wdeprecated-declarations-Wdeprecated-declarations]8;;[m[K]
[25.552s]   601 |       state_publisher_->msg_.dof_states[i].output = [01;35m[Kcommand_interfaces_[i].get_value()[m[K;
[25.555s]       |                                                     [01;35m[K~~~~~~~~~~~~~~~~~~~~~~~~~~~~~~~~^~[m[K
[25.555s] In file included from [01m[K/workspaces/ros2-coding/install/controller_interface/include/controller_interface/controller_interface/controller_interface_base.hpp:27[m[K:
[25.555s] [01m[K/workspaces/ros2-coding/install/hardware_interface/include/hardware_interface/hardware_interface/loaned_command_interface.hpp:134:10:[m[K [01;36m[Knote: [m[Kdeclared here
[25.555s]   134 |   double [01;36m[Kget_value[m[K() const
[25.555s]       |          [01;36m[K^~~~~~~~~[m[K
[41.160s] [ 52%] [32m[1mLinking CXX shared library libpid_controller.so[0m
[41.988s] [ 52%] Built target pid_controller
[42.031s] [ 58%] [32mBuilding CXX object CMakeFiles/test_load_pid_controller.dir/test/test_load_pid_controller.cpp.o[0m
[58.739s] [ 64%] [32m[1mLinking CXX executable test_load_pid_controller[0m
[60.406s] [ 64%] Built target test_load_pid_controller
[60.521s] [ 70%] [32mBuilding CXX object CMakeFiles/test_pid_controller.dir/test/test_pid_controller.cpp.o[0m
[66.383s] In file included from [01m[K/opt/ros/jazzy/src/gtest_vendor/include/gtest/gtest.h:72[m[K,
[66.383s]                  from [01m[K/opt/ros/jazzy/src/gmock_vendor/include/gmock/internal/gmock-internal-utils.h:50[m[K,
[66.385s]                  from [01m[K/opt/ros/jazzy/src/gmock_vendor/include/gmock/gmock-actions.h:145[m[K,
[66.387s]                  from [01m[K/opt/ros/jazzy/src/gmock_vendor/include/gmock/gmock.h:56[m[K,
[66.387s]                  from [01m[K/workspaces/ros2-coding/turtlesim_ws/src/ros-controls/ros2_controllers/pid_controller/test/test_pid_controller.hpp:21[m[K,
[66.387s]                  from [01m[K/workspaces/ros2-coding/turtlesim_ws/src/ros-controls/ros2_controllers/pid_controller/test/test_pid_controller.cpp:18[m[K:
[66.388s] [01m[K/workspaces/ros2-coding/turtlesim_ws/src/ros-controls/ros2_controllers/pid_controller/test/test_pid_controller.cpp:[m[K In member function â€˜[01m[Kvirtual void PidControllerTest_reactivate_success_Test::[01;32m[KTestBody[m[K()[m[Kâ€™:
[66.388s] [01m[K/workspaces/ros2-coding/turtlesim_ws/src/ros-controls/ros2_controllers/pid_controller/test/test_pid_controller.cpp:182:58:[m[K [01;35m[Kwarning: [m[Kâ€˜[01m[Kdouble hardware_interface::LoanedCommandInterface::[01;32m[Kget_value[m[K() const[m[Kâ€™ is deprecated: Use std::optional<T> get_optional() instead to retrieve the value. This method will be removed by the ROS 2 Kilted Kaiju release. [[01;35m[K]8;;https://gcc.gnu.org/onlinedocs/gcc/Warning-Options.html#index-Wdeprecated-declarations-Wdeprecated-declarations]8;;[m[K]
[66.390s]   182 |   ASSERT_EQ([01;35m[Kcontroller_->command_interfaces_[0].get_value()[m[K, 101.101);
[66.390s]       |             [01;35m[K~~~~~~~~~~~~~~~~~~~~~~~~~~~~~~~~~~~~~~~~~~~~~^~[m[K
[66.390s] [01m[K/opt/ros/jazzy/src/gtest_vendor/include/gtest/gtest_pred_impl.h:79:52:[m[K [01;36m[Knote: [m[Kin definition of macro â€˜[01m[KGTEST_ASSERT_[m[Kâ€™
[66.390s]    79 |   if (const ::testing::AssertionResult gtest_ar = ([01;36m[Kexpression[m[K)) \
[66.391s]       |                                                    [01;36m[K^~~~~~~~~~[m[K
[66.391s] [01m[K/opt/ros/jazzy/src/gtest_vendor/include/gtest/gtest_pred_impl.h:148:3:[m[K [01;36m[Knote: [m[Kin expansion of macro â€˜[01m[KGTEST_PRED_FORMAT2_[m[Kâ€™
[66.391s]   148 |   [01;36m[KGTEST_PRED_FORMAT2_[m[K(pred_format, v1, v2, GTEST_FATAL_FAILURE_)
[66.391s]       |   [01;36m[K^~~~~~~~~~~~~~~~~~~[m[K
[66.391s] [01m[K/opt/ros/jazzy/src/gtest_vendor/include/gtest/gtest.h:1882:3:[m[K [01;36m[Knote: [m[Kin expansion of macro â€˜[01m[KASSERT_PRED_FORMAT2[m[Kâ€™
[66.391s]  1882 |   [01;36m[KASSERT_PRED_FORMAT2[m[K(::testing::internal::EqHelper::Compare, val1, val2)
[66.392s]       |   [01;36m[K^~~~~~~~~~~~~~~~~~~[m[K
[66.392s] [01m[K/opt/ros/jazzy/src/gtest_vendor/include/gtest/gtest.h:1898:31:[m[K [01;36m[Knote: [m[Kin expansion of macro â€˜[01m[KGTEST_ASSERT_EQ[m[Kâ€™
[66.396s]  1898 | #define ASSERT_EQ(val1, val2) [01;36m[KGTEST_ASSERT_EQ[m[K(val1, val2)
[66.398s]       |                               [01;36m[K^~~~~~~~~~~~~~~[m[K
[66.398s] [01m[K/workspaces/ros2-coding/turtlesim_ws/src/ros-controls/ros2_controllers/pid_controller/test/test_pid_controller.cpp:182:3:[m[K [01;36m[Knote: [m[Kin expansion of macro â€˜[01m[KASSERT_EQ[m[Kâ€™
[66.398s]   182 |   [01;36m[KASSERT_EQ[m[K(controller_->command_interfaces_[0].get_value(), 101.101);
[66.399s]       |   [01;36m[K^~~~~~~~~[m[K
[66.400s] In file included from [01m[K/workspaces/ros2-coding/turtlesim_ws/src/ros-controls/ros2_controllers/pid_controller/test/test_pid_controller.hpp:30[m[K:
[66.401s] [01m[K/workspaces/ros2-coding/install/hardware_interface/include/hardware_interface/hardware_interface/loaned_command_interface.hpp:134:10:[m[K [01;36m[Knote: [m[Kdeclared here
[66.401s]   134 |   double [01;36m[Kget_value[m[K() const
[66.401s]       |          [01;36m[K^~~~~~~~~[m[K
[66.401s] [01m[K/workspaces/ros2-coding/turtlesim_ws/src/ros-controls/ros2_controllers/pid_controller/test/test_pid_controller.cpp:186:58:[m[K [01;35m[Kwarning: [m[Kâ€˜[01m[Kdouble hardware_interface::LoanedCommandInterface::[01;32m[Kget_value[m[K() const[m[Kâ€™ is deprecated: Use std::optional<T> get_optional() instead to retrieve the value. This method will be removed by the ROS 2 Kilted Kaiju release. [[01;35m[K]8;;https://gcc.gnu.org/onlinedocs/gcc/Warning-Options.html#index-Wdeprecated-declarations-Wdeprecated-declarations]8;;[m[K]
[66.404s]   186 |   ASSERT_EQ([01;35m[Kcontroller_->command_interfaces_[0].get_value()[m[K, 101.101);
[66.404s]       |             [01;35m[K~~~~~~~~~~~~~~~~~~~~~~~~~~~~~~~~~~~~~~~~~~~~~^~[m[K
[66.404s] [01m[K/opt/ros/jazzy/src/gtest_vendor/include/gtest/gtest_pred_impl.h:79:52:[m[K [01;36m[Knote: [m[Kin definition of macro â€˜[01m[KGTEST_ASSERT_[m[Kâ€™
[66.407s]    79 |   if (const ::testing::AssertionResult gtest_ar = ([01;36m[Kexpression[m[K)) \
[66.407s]       |                                                    [01;36m[K^~~~~~~~~~[m[K
[66.407s] [01m[K/opt/ros/jazzy/src/gtest_vendor/include/gtest/gtest_pred_impl.h:148:3:[m[K [01;36m[Knote: [m[Kin expansion of macro â€˜[01m[KGTEST_PRED_FORMAT2_[m[Kâ€™
[66.407s]   148 |   [01;36m[KGTEST_PRED_FORMAT2_[m[K(pred_format, v1, v2, GTEST_FATAL_FAILURE_)
[66.407s]       |   [01;36m[K^~~~~~~~~~~~~~~~~~~[m[K
[66.407s] [01m[K/opt/ros/jazzy/src/gtest_vendor/include/gtest/gtest.h:1882:3:[m[K [01;36m[Knote: [m[Kin expansion of macro â€˜[01m[KASSERT_PRED_FORMAT2[m[Kâ€™
[66.407s]  1882 |   [01;36m[KASSERT_PRED_FORMAT2[m[K(::testing::internal::EqHelper::Compare, val1, val2)
[66.408s]       |   [01;36m[K^~~~~~~~~~~~~~~~~~~[m[K
[66.408s] [01m[K/opt/ros/jazzy/src/gtest_vendor/include/gtest/gtest.h:1898:31:[m[K [01;36m[Knote: [m[Kin expansion of macro â€˜[01m[KGTEST_ASSERT_EQ[m[Kâ€™
[66.410s]  1898 | #define ASSERT_EQ(val1, val2) [01;36m[KGTEST_ASSERT_EQ[m[K(val1, val2)
[66.412s]       |                               [01;36m[K^~~~~~~~~~~~~~~[m[K
[66.412s] [01m[K/workspaces/ros2-coding/turtlesim_ws/src/ros-controls/ros2_controllers/pid_controller/test/test_pid_controller.cpp:186:3:[m[K [01;36m[Knote: [m[Kin expansion of macro â€˜[01m[KASSERT_EQ[m[Kâ€™
[66.413s]   186 |   [01;36m[KASSERT_EQ[m[K(controller_->command_interfaces_[0].get_value(), 101.101);
[66.413s]       |   [01;36m[K^~~~~~~~~[m[K
[66.415s] [01m[K/workspaces/ros2-coding/install/hardware_interface/include/hardware_interface/hardware_interface/loaned_command_interface.hpp:134:10:[m[K [01;36m[Knote: [m[Kdeclared here
[66.416s]   134 |   double [01;36m[Kget_value[m[K() const
[66.417s]       |          [01;36m[K^~~~~~~~~[m[K
[66.418s] [01m[K/workspaces/ros2-coding/turtlesim_ws/src/ros-controls/ros2_controllers/pid_controller/test/test_pid_controller.cpp:190:58:[m[K [01;35m[Kwarning: [m[Kâ€˜[01m[Kdouble hardware_interface::LoanedCommandInterface::[01;32m[Kget_value[m[K() const[m[Kâ€™ is deprecated: Use std::optional<T> get_optional() instead to retrieve the value. This method will be removed by the ROS 2 Kilted Kaiju release. [[01;35m[K]8;;https://gcc.gnu.org/onlinedocs/gcc/Warning-Options.html#index-Wdeprecated-declarations-Wdeprecated-declarations]8;;[m[K]
[66.418s]   190 |   ASSERT_EQ([01;35m[Kcontroller_->command_interfaces_[0].get_value()[m[K, 101.101);
[66.419s]       |             [01;35m[K~~~~~~~~~~~~~~~~~~~~~~~~~~~~~~~~~~~~~~~~~~~~~^~[m[K
[66.421s] [01m[K/opt/ros/jazzy/src/gtest_vendor/include/gtest/gtest_pred_impl.h:79:52:[m[K [01;36m[Knote: [m[Kin definition of macro â€˜[01m[KGTEST_ASSERT_[m[Kâ€™
[66.422s]    79 |   if (const ::testing::AssertionResult gtest_ar = ([01;36m[Kexpression[m[K)) \
[66.423s]       |                                                    [01;36m[K^~~~~~~~~~[m[K
[66.423s] [01m[K/opt/ros/jazzy/src/gtest_vendor/include/gtest/gtest_pred_impl.h:148:3:[m[K [01;36m[Knote: [m[Kin expansion of macro â€˜[01m[KGTEST_PRED_FORMAT2_[m[Kâ€™
[66.423s]   148 |   [01;36m[KGTEST_PRED_FORMAT2_[m[K(pred_format, v1, v2, GTEST_FATAL_FAILURE_)
[66.423s]       |   [01;36m[K^~~~~~~~~~~~~~~~~~~[m[K
[66.426s] [01m[K/opt/ros/jazzy/src/gtest_vendor/include/gtest/gtest.h:1882:3:[m[K [01;36m[Knote: [m[Kin expansion of macro â€˜[01m[KASSERT_PRED_FORMAT2[m[Kâ€™
[66.426s]  1882 |   [01;36m[KASSERT_PRED_FORMAT2[m[K(::testing::internal::EqHelper::Compare, val1, val2)
[66.427s]       |   [01;36m[K^~~~~~~~~~~~~~~~~~~[m[K
[66.427s] [01m[K/opt/ros/jazzy/src/gtest_vendor/include/gtest/gtest.h:1898:31:[m[K [01;36m[Knote: [m[Kin expansion of macro â€˜[01m[KGTEST_ASSERT_EQ[m[Kâ€™
[66.429s]  1898 | #define ASSERT_EQ(val1, val2) [01;36m[KGTEST_ASSERT_EQ[m[K(val1, val2)
[66.429s]       |                               [01;36m[K^~~~~~~~~~~~~~~[m[K
[66.429s] [01m[K/workspaces/ros2-coding/turtlesim_ws/src/ros-controls/ros2_controllers/pid_controller/test/test_pid_controller.cpp:190:3:[m[K [01;36m[Knote: [m[Kin expansion of macro â€˜[01m[KASSERT_EQ[m[Kâ€™
[66.430s]   190 |   [01;36m[KASSERT_EQ[m[K(controller_->command_interfaces_[0].get_value(), 101.101);
[66.430s]       |   [01;36m[K^~~~~~~~~[m[K
[66.430s] [01m[K/workspaces/ros2-coding/install/hardware_interface/include/hardware_interface/hardware_interface/loaned_command_interface.hpp:134:10:[m[K [01;36m[Knote: [m[Kdeclared here
[66.430s]   134 |   double [01;36m[Kget_value[m[K() const
[66.432s]       |          [01;36m[K^~~~~~~~~[m[K
[66.441s] [01m[K/workspaces/ros2-coding/turtlesim_ws/src/ros-controls/ros2_controllers/pid_controller/test/test_pid_controller.cpp:[m[K In member function â€˜[01m[Kvirtual void PidControllerTest_test_update_logic_feedforward_off_Test::[01;32m[KTestBody[m[K()[m[Kâ€™:
[66.442s] [01m[K/workspaces/ros2-coding/turtlesim_ws/src/ros-controls/ros2_controllers/pid_controller/test/test_pid_controller.cpp:322:81:[m[K [01;35m[Kwarning: [m[Kâ€˜[01m[Kdouble hardware_interface::LoanedCommandInterface::[01;32m[Kget_value[m[K() const[m[Kâ€™ is deprecated: Use std::optional<T> get_optional() instead to retrieve the value. This method will be removed by the ROS 2 Kilted Kaiju release. [[01;35m[K]8;;https://gcc.gnu.org/onlinedocs/gcc/Warning-Options.html#index-Wdeprecated-declarations-Wdeprecated-declarations]8;;[m[K]
[66.442s]   322 |   double actual_value = std::round([01;35m[Kcontroller_->command_interfaces_[0].get_value()[m[K * 1e5) / 1e5;
[66.445s]       |                                    [01;35m[K~~~~~~~~~~~~~~~~~~~~~~~~~~~~~~~~~~~~~~~~~~~~~^~[m[K
[66.445s] [01m[K/workspaces/ros2-coding/install/hardware_interface/include/hardware_interface/hardware_interface/loaned_command_interface.hpp:134:10:[m[K [01;36m[Knote: [m[Kdeclared here
[66.445s]   134 |   double [01;36m[Kget_value[m[K() const
[66.446s]       |          [01;36m[K^~~~~~~~~[m[K
[66.451s] [01m[K/workspaces/ros2-coding/turtlesim_ws/src/ros-controls/ros2_controllers/pid_controller/test/test_pid_controller.cpp:[m[K In member function â€˜[01m[Kvirtual void PidControllerTest_test_update_logic_feedforward_on_with_zero_feedforward_gain_Test::[01;32m[KTestBody[m[K()[m[Kâ€™:
[66.453s] [01m[K/workspaces/ros2-coding/turtlesim_ws/src/ros-controls/ros2_controllers/pid_controller/test/test_pid_controller.cpp:382:83:[m[K [01;35m[Kwarning: [m[Kâ€˜[01m[Kdouble hardware_interface::LoanedCommandInterface::[01;32m[Kget_value[m[K() const[m[Kâ€™ is deprecated: Use std::optional<T> get_optional() instead to retrieve the value. This method will be removed by the ROS 2 Kilted Kaiju release. [[01;35m[K]8;;https://gcc.gnu.org/onlinedocs/gcc/Warning-Options.html#index-Wdeprecated-declarations-Wdeprecated-declarations]8;;[m[K]
[66.454s]   382 |     double actual_value = std::round([01;35m[Kcontroller_->command_interfaces_[0].get_value()[m[K * 1e5) / 1e5;
[66.454s]       |                                      [01;35m[K~~~~~~~~~~~~~~~~~~~~~~~~~~~~~~~~~~~~~~~~~~~~~^~[m[K
[66.455s] [01m[K/workspaces/ros2-coding/install/hardware_interface/include/hardware_interface/hardware_interface/loaned_command_interface.hpp:134:10:[m[K [01;36m[Knote: [m[Kdeclared here
[66.455s]   134 |   double [01;36m[Kget_value[m[K() const
[66.456s]       |          [01;36m[K^~~~~~~~~[m[K
[66.460s] [01m[K/workspaces/ros2-coding/turtlesim_ws/src/ros-controls/ros2_controllers/pid_controller/test/test_pid_controller.cpp:[m[K In member function â€˜[01m[Kvirtual void PidControllerTest_test_update_logic_chainable_not_use_subscriber_update_Test::[01;32m[KTestBody[m[K()[m[Kâ€™:
[66.460s] [01m[K/workspaces/ros2-coding/turtlesim_ws/src/ros-controls/ros2_controllers/pid_controller/test/test_pid_controller.cpp:439:60:[m[K [01;35m[Kwarning: [m[Kâ€˜[01m[Kdouble hardware_interface::LoanedCommandInterface::[01;32m[Kget_value[m[K() const[m[Kâ€™ is deprecated: Use std::optional<T> get_optional() instead to retrieve the value. This method will be removed by the ROS 2 Kilted Kaiju release. [[01;35m[K]8;;https://gcc.gnu.org/onlinedocs/gcc/Warning-Options.html#index-Wdeprecated-declarations-Wdeprecated-declarations]8;;[m[K]
[66.461s]   439 |     EXPECT_EQ([01;35m[Kcontroller_->command_interfaces_[0].get_value()[m[K, expected_command_value);
[66.464s]       |               [01;35m[K~~~~~~~~~~~~~~~~~~~~~~~~~~~~~~~~~~~~~~~~~~~~~^~[m[K
[66.464s] [01m[K/opt/ros/jazzy/src/gtest_vendor/include/gtest/gtest_pred_impl.h:79:52:[m[K [01;36m[Knote: [m[Kin definition of macro â€˜[01m[KGTEST_ASSERT_[m[Kâ€™
[66.465s]    79 |   if (const ::testing::AssertionResult gtest_ar = ([01;36m[Kexpression[m[K)) \
[66.465s]       |                                                    [01;36m[K^~~~~~~~~~[m[K
[66.465s] [01m[K/opt/ros/jazzy/src/gtest_vendor/include/gtest/gtest_pred_impl.h:144:3:[m[K [01;36m[Knote: [m[Kin expansion of macro â€˜[01m[KGTEST_PRED_FORMAT2_[m[Kâ€™
[66.465s]   144 |   [01;36m[KGTEST_PRED_FORMAT2_[m[K(pred_format, v1, v2, GTEST_NONFATAL_FAILURE_)
[66.465s]       |   [01;36m[K^~~~~~~~~~~~~~~~~~~[m[K
[66.465s] [01m[K/opt/ros/jazzy/src/gtest_vendor/include/gtest/gtest.h:1869:3:[m[K [01;36m[Knote: [m[Kin expansion of macro â€˜[01m[KEXPECT_PRED_FORMAT2[m[Kâ€™
[66.466s]  1869 |   [01;36m[KEXPECT_PRED_FORMAT2[m[K(::testing::internal::EqHelper::Compare, val1, val2)
[66.466s]       |   [01;36m[K^~~~~~~~~~~~~~~~~~~[m[K
[66.467s] [01m[K/workspaces/ros2-coding/turtlesim_ws/src/ros-controls/ros2_controllers/pid_controller/test/test_pid_controller.cpp:439:5:[m[K [01;36m[Knote: [m[Kin expansion of macro â€˜[01m[KEXPECT_EQ[m[Kâ€™
[66.467s]   439 |     [01;36m[KEXPECT_EQ[m[K(controller_->command_interfaces_[0].get_value(), expected_command_value);
[66.470s]       |     [01;36m[K^~~~~~~~~[m[K
[66.470s] [01m[K/workspaces/ros2-coding/install/hardware_interface/include/hardware_interface/hardware_interface/loaned_command_interface.hpp:134:10:[m[K [01;36m[Knote: [m[Kdeclared here
[66.470s]   134 |   double [01;36m[Kget_value[m[K() const
[66.471s]       |          [01;36m[K^~~~~~~~~[m[K
[66.471s] [01m[K/workspaces/ros2-coding/turtlesim_ws/src/ros-controls/ros2_controllers/pid_controller/test/test_pid_controller.cpp:[m[K In member function â€˜[01m[Kvirtual void PidControllerTest_test_update_logic_angle_wraparound_off_Test::[01;32m[KTestBody[m[K()[m[Kâ€™:
[66.471s] [01m[K/workspaces/ros2-coding/turtlesim_ws/src/ros-controls/ros2_controllers/pid_controller/test/test_pid_controller.cpp:473:60:[m[K [01;35m[Kwarning: [m[Kâ€˜[01m[Kdouble hardware_interface::LoanedCommandInterface::[01;32m[Kget_value[m[K() const[m[Kâ€™ is deprecated: Use std::optional<T> get_optional() instead to retrieve the value. This method will be removed by the ROS 2 Kilted Kaiju release. [[01;35m[K]8;;https://gcc.gnu.org/onlinedocs/gcc/Warning-Options.html#index-Wdeprecated-declarations-Wdeprecated-declarations]8;;[m[K]
[66.471s]   473 |   EXPECT_NEAR([01;35m[Kcontroller_->command_interfaces_[0].get_value()[m[K, expected_command_value, 1e-5);
[66.472s]       |               [01;35m[K~~~~~~~~~~~~~~~~~~~~~~~~~~~~~~~~~~~~~~~~~~~~~^~[m[K
[66.472s] [01m[K/opt/ros/jazzy/src/gtest_vendor/include/gtest/gtest_pred_impl.h:79:52:[m[K [01;36m[Knote: [m[Kin definition of macro â€˜[01m[KGTEST_ASSERT_[m[Kâ€™
[66.472s]    79 |   if (const ::testing::AssertionResult gtest_ar = ([01;36m[Kexpression[m[K)) \
[66.473s]       |                                                    [01;36m[K^~~~~~~~~~[m[K
[66.473s] [01m[K/opt/ros/jazzy/src/gtest_vendor/include/gtest/gtest_pred_impl.h:183:3:[m[K [01;36m[Knote: [m[Kin expansion of macro â€˜[01m[KGTEST_PRED_FORMAT3_[m[Kâ€™
[66.474s]   183 |   [01;36m[KGTEST_PRED_FORMAT3_[m[K(pred_format, v1, v2, v3, GTEST_NONFATAL_FAILURE_)
[66.474s]       |   [01;36m[K^~~~~~~~~~~~~~~~~~~[m[K
[66.476s] [01m[K/opt/ros/jazzy/src/gtest_vendor/include/gtest/gtest.h:1986:3:[m[K [01;36m[Knote: [m[Kin expansion of macro â€˜[01m[KEXPECT_PRED_FORMAT3[m[Kâ€™
[66.476s]  1986 |   [01;36m[KEXPECT_PRED_FORMAT3[m[K(::testing::internal::DoubleNearPredFormat, val1, val2, \
[66.476s]       |   [01;36m[K^~~~~~~~~~~~~~~~~~~[m[K
[66.476s] [01m[K/workspaces/ros2-coding/turtlesim_ws/src/ros-controls/ros2_controllers/pid_controller/test/test_pid_controller.cpp:473:3:[m[K [01;36m[Knote: [m[Kin expansion of macro â€˜[01m[KEXPECT_NEAR[m[Kâ€™
[66.479s]   473 |   [01;36m[KEXPECT_NEAR[m[K(controller_->command_interfaces_[0].get_value(), expected_command_value, 1e-5);
[66.479s]       |   [01;36m[K^~~~~~~~~~~[m[K
[66.479s] [01m[K/workspaces/ros2-coding/install/hardware_interface/include/hardware_interface/hardware_interface/loaned_command_interface.hpp:134:10:[m[K [01;36m[Knote: [m[Kdeclared here
[66.480s]   134 |   double [01;36m[Kget_value[m[K() const
[66.480s]       |          [01;36m[K^~~~~~~~~[m[K
[66.484s] [01m[K/workspaces/ros2-coding/turtlesim_ws/src/ros-controls/ros2_controllers/pid_controller/test/test_pid_controller.cpp:[m[K In member function â€˜[01m[Kvirtual void PidControllerTest_test_update_logic_angle_wraparound_on_Test::[01;32m[KTestBody[m[K()[m[Kâ€™:
[66.484s] [01m[K/workspaces/ros2-coding/turtlesim_ws/src/ros-controls/ros2_controllers/pid_controller/test/test_pid_controller.cpp:509:60:[m[K [01;35m[Kwarning: [m[Kâ€˜[01m[Kdouble hardware_interface::LoanedCommandInterface::[01;32m[Kget_value[m[K() const[m[Kâ€™ is deprecated: Use std::optional<T> get_optional() instead to retrieve the value. This method will be removed by the ROS 2 Kilted Kaiju release. [[01;35m[K]8;;https://gcc.gnu.org/onlinedocs/gcc/Warning-Options.html#index-Wdeprecated-declarations-Wdeprecated-declarations]8;;[m[K]
[66.484s]   509 |   EXPECT_NEAR([01;35m[Kcontroller_->command_interfaces_[0].get_value()[m[K, expected_command_value, 1e-5);
[66.485s]       |               [01;35m[K~~~~~~~~~~~~~~~~~~~~~~~~~~~~~~~~~~~~~~~~~~~~~^~[m[K
[66.485s] [01m[K/opt/ros/jazzy/src/gtest_vendor/include/gtest/gtest_pred_impl.h:79:52:[m[K [01;36m[Knote: [m[Kin definition of macro â€˜[01m[KGTEST_ASSERT_[m[Kâ€™
[66.485s]    79 |   if (const ::testing::AssertionResult gtest_ar = ([01;36m[Kexpression[m[K)) \
[66.485s]       |                                                    [01;36m[K^~~~~~~~~~[m[K
[66.485s] [01m[K/opt/ros/jazzy/src/gtest_vendor/include/gtest/gtest_pred_impl.h:183:3:[m[K [01;36m[Knote: [m[Kin expansion of macro â€˜[01m[KGTEST_PRED_FORMAT3_[m[Kâ€™
[66.485s]   183 |   [01;36m[KGTEST_PRED_FORMAT3_[m[K(pred_format, v1, v2, v3, GTEST_NONFATAL_FAILURE_)
[66.485s]       |   [01;36m[K^~~~~~~~~~~~~~~~~~~[m[K
[66.485s] [01m[K/opt/ros/jazzy/src/gtest_vendor/include/gtest/gtest.h:1986:3:[m[K [01;36m[Knote: [m[Kin expansion of macro â€˜[01m[KEXPECT_PRED_FORMAT3[m[Kâ€™
[66.486s]  1986 |   [01;36m[KEXPECT_PRED_FORMAT3[m[K(::testing::internal::DoubleNearPredFormat, val1, val2, \
[66.486s]       |   [01;36m[K^~~~~~~~~~~~~~~~~~~[m[K
[66.486s] [01m[K/workspaces/ros2-coding/turtlesim_ws/src/ros-controls/ros2_controllers/pid_controller/test/test_pid_controller.cpp:509:3:[m[K [01;36m[Knote: [m[Kin expansion of macro â€˜[01m[KEXPECT_NEAR[m[Kâ€™
[66.490s]   509 |   [01;36m[KEXPECT_NEAR[m[K(controller_->command_interfaces_[0].get_value(), expected_command_value, 1e-5);
[66.490s]       |   [01;36m[K^~~~~~~~~~~[m[K
[66.490s] [01m[K/workspaces/ros2-coding/install/hardware_interface/include/hardware_interface/hardware_interface/loaned_command_interface.hpp:134:10:[m[K [01;36m[Knote: [m[Kdeclared here
[66.493s]   134 |   double [01;36m[Kget_value[m[K() const
[66.493s]       |          [01;36m[K^~~~~~~~~[m[K
[66.504s] [01m[K/workspaces/ros2-coding/turtlesim_ws/src/ros-controls/ros2_controllers/pid_controller/test/test_pid_controller.cpp:[m[K In member function â€˜[01m[Kvirtual void PidControllerTest_test_update_chained_feedforward_with_gain_Test::[01;32m[KTestBody[m[K()[m[Kâ€™:
[66.504s] [01m[K/workspaces/ros2-coding/turtlesim_ws/src/ros-controls/ros2_controllers/pid_controller/test/test_pid_controller.cpp:647:58:[m[K [01;35m[Kwarning: [m[Kâ€˜[01m[Kdouble hardware_interface::LoanedCommandInterface::[01;32m[Kget_value[m[K() const[m[Kâ€™ is deprecated: Use std::optional<T> get_optional() instead to retrieve the value. This method will be removed by the ROS 2 Kilted Kaiju release. [[01;35m[K]8;;https://gcc.gnu.org/onlinedocs/gcc/Warning-Options.html#index-Wdeprecated-declarations-Wdeprecated-declarations]8;;[m[K]
[66.508s]   647 |   ASSERT_EQ([01;35m[Kcontroller_->command_interfaces_[0].get_value()[m[K, expected_command_value);
[66.508s]       |             [01;35m[K~~~~~~~~~~~~~~~~~~~~~~~~~~~~~~~~~~~~~~~~~~~~~^~[m[K
[66.508s] [01m[K/opt/ros/jazzy/src/gtest_vendor/include/gtest/gtest_pred_impl.h:79:52:[m[K [01;36m[Knote: [m[Kin definition of macro â€˜[01m[KGTEST_ASSERT_[m[Kâ€™
[66.509s]    79 |   if (const ::testing::AssertionResult gtest_ar = ([01;36m[Kexpression[m[K)) \
[66.509s]       |                                                    [01;36m[K^~~~~~~~~~[m[K
[66.509s] [01m[K/opt/ros/jazzy/src/gtest_vendor/include/gtest/gtest_pred_impl.h:148:3:[m[K [01;36m[Knote: [m[Kin expansion of macro â€˜[01m[KGTEST_PRED_FORMAT2_[m[Kâ€™
[66.509s]   148 |   [01;36m[KGTEST_PRED_FORMAT2_[m[K(pred_format, v1, v2, GTEST_FATAL_FAILURE_)
[66.509s]       |   [01;36m[K^~~~~~~~~~~~~~~~~~~[m[K
[66.510s] [01m[K/opt/ros/jazzy/src/gtest_vendor/include/gtest/gtest.h:1882:3:[m[K [01;36m[Knote: [m[Kin expansion of macro â€˜[01m[KASSERT_PRED_FORMAT2[m[Kâ€™
[66.512s]  1882 |   [01;36m[KASSERT_PRED_FORMAT2[m[K(::testing::internal::EqHelper::Compare, val1, val2)
[66.512s]       |   [01;36m[K^~~~~~~~~~~~~~~~~~~[m[K
[66.512s] [01m[K/opt/ros/jazzy/src/gtest_vendor/include/gtest/gtest.h:1898:31:[m[K [01;36m[Knote: [m[Kin expansion of macro â€˜[01m[KGTEST_ASSERT_EQ[m[Kâ€™
[66.512s]  1898 | #define ASSERT_EQ(val1, val2) [01;36m[KGTEST_ASSERT_EQ[m[K(val1, val2)
[66.512s]       |                               [01;36m[K^~~~~~~~~~~~~~~[m[K
[66.515s] [01m[K/workspaces/ros2-coding/turtlesim_ws/src/ros-controls/ros2_controllers/pid_controller/test/test_pid_controller.cpp:647:3:[m[K [01;36m[Knote: [m[Kin expansion of macro â€˜[01m[KASSERT_EQ[m[Kâ€™
[66.515s]   647 |   [01;36m[KASSERT_EQ[m[K(controller_->command_interfaces_[0].get_value(), expected_command_value);
[66.515s]       |   [01;36m[K^~~~~~~~~[m[K
[66.517s] [01m[K/workspaces/ros2-coding/install/hardware_interface/include/hardware_interface/hardware_interface/loaned_command_interface.hpp:134:10:[m[K [01;36m[Knote: [m[Kdeclared here
[66.517s]   134 |   double [01;36m[Kget_value[m[K() const
[66.518s]       |          [01;36m[K^~~~~~~~~[m[K
[66.519s] [01m[K/workspaces/ros2-coding/turtlesim_ws/src/ros-controls/ros2_controllers/pid_controller/test/test_pid_controller.cpp:[m[K In member function â€˜[01m[Kvirtual void PidControllerTest_test_update_chained_feedforward_off_with_gain_Test::[01;32m[KTestBody[m[K()[m[Kâ€™:
[66.519s] [01m[K/workspaces/ros2-coding/turtlesim_ws/src/ros-controls/ros2_controllers/pid_controller/test/test_pid_controller.cpp:705:58:[m[K [01;35m[Kwarning: [m[Kâ€˜[01m[Kdouble hardware_interface::LoanedCommandInterface::[01;32m[Kget_value[m[K() const[m[Kâ€™ is deprecated: Use std::optional<T> get_optional() instead to retrieve the value. This method will be removed by the ROS 2 Kilted Kaiju release. [[01;35m[K]8;;https://gcc.gnu.org/onlinedocs/gcc/Warning-Options.html#index-Wdeprecated-declarations-Wdeprecated-declarations]8;;[m[K]
[66.521s]   705 |   ASSERT_EQ([01;35m[Kcontroller_->command_interfaces_[0].get_value()[m[K, expected_command_value);
[66.521s]       |             [01;35m[K~~~~~~~~~~~~~~~~~~~~~~~~~~~~~~~~~~~~~~~~~~~~~^~[m[K
[66.521s] [01m[K/opt/ros/jazzy/src/gtest_vendor/include/gtest/gtest_pred_impl.h:79:52:[m[K [01;36m[Knote: [m[Kin definition of macro â€˜[01m[KGTEST_ASSERT_[m[Kâ€™
[66.521s]    79 |   if (const ::testing::AssertionResult gtest_ar = ([01;36m[Kexpression[m[K)) \
[66.522s]       |                                                    [01;36m[K^~~~~~~~~~[m[K
[66.522s] [01m[K/opt/ros/jazzy/src/gtest_vendor/include/gtest/gtest_pred_impl.h:148:3:[m[K [01;36m[Knote: [m[Kin expansion of macro â€˜[01m[KGTEST_PRED_FORMAT2_[m[Kâ€™
[66.522s]   148 |   [01;36m[KGTEST_PRED_FORMAT2_[m[K(pred_format, v1, v2, GTEST_FATAL_FAILURE_)
[66.522s]       |   [01;36m[K^~~~~~~~~~~~~~~~~~~[m[K
[66.522s] [01m[K/opt/ros/jazzy/src/gtest_vendor/include/gtest/gtest.h:1882:3:[m[K [01;36m[Knote: [m[Kin expansion of macro â€˜[01m[KASSERT_PRED_FORMAT2[m[Kâ€™
[66.522s]  1882 |   [01;36m[KASSERT_PRED_FORMAT2[m[K(::testing::internal::EqHelper::Compare, val1, val2)
[66.525s]       |   [01;36m[K^~~~~~~~~~~~~~~~~~~[m[K
[66.525s] [01m[K/opt/ros/jazzy/src/gtest_vendor/include/gtest/gtest.h:1898:31:[m[K [01;36m[Knote: [m[Kin expansion of macro â€˜[01m[KGTEST_ASSERT_EQ[m[Kâ€™
[66.525s]  1898 | #define ASSERT_EQ(val1, val2) [01;36m[KGTEST_ASSERT_EQ[m[K(val1, val2)
[66.526s]       |                               [01;36m[K^~~~~~~~~~~~~~~[m[K
[66.528s] [01m[K/workspaces/ros2-coding/turtlesim_ws/src/ros-controls/ros2_controllers/pid_controller/test/test_pid_controller.cpp:705:3:[m[K [01;36m[Knote: [m[Kin expansion of macro â€˜[01m[KASSERT_EQ[m[Kâ€™
[66.528s]   705 |   [01;36m[KASSERT_EQ[m[K(controller_->command_interfaces_[0].get_value(), expected_command_value);
[66.528s]       |   [01;36m[K^~~~~~~~~[m[K
[66.528s] [01m[K/workspaces/ros2-coding/install/hardware_interface/include/hardware_interface/hardware_interface/loaned_command_interface.hpp:134:10:[m[K [01;36m[Knote: [m[Kdeclared here
[66.529s]   134 |   double [01;36m[Kget_value[m[K() const
[66.529s]       |          [01;36m[K^~~~~~~~~[m[K
[66.531s] [01m[K/workspaces/ros2-coding/turtlesim_ws/src/ros-controls/ros2_controllers/pid_controller/test/test_pid_controller.cpp:[m[K In member function â€˜[01m[Kvirtual void PidControllerTest_test_save_i_term_off_Test::[01;32m[KTestBody[m[K()[m[Kâ€™:
[66.532s] [01m[K/workspaces/ros2-coding/turtlesim_ws/src/ros-controls/ros2_controllers/pid_controller/test/test_pid_controller.cpp:741:81:[m[K [01;35m[Kwarning: [m[Kâ€˜[01m[Kdouble hardware_interface::LoanedCommandInterface::[01;32m[Kget_value[m[K() const[m[Kâ€™ is deprecated: Use std::optional<T> get_optional() instead to retrieve the value. This method will be removed by the ROS 2 Kilted Kaiju release. [[01;35m[K]8;;https://gcc.gnu.org/onlinedocs/gcc/Warning-Options.html#index-Wdeprecated-declarations-Wdeprecated-declarations]8;;[m[K]
[66.533s]   741 |   double actual_value = std::round([01;35m[Kcontroller_->command_interfaces_[0].get_value()[m[K * 1e5) / 1e5;
[66.533s]       |                                    [01;35m[K~~~~~~~~~~~~~~~~~~~~~~~~~~~~~~~~~~~~~~~~~~~~~^~[m[K
[66.535s] [01m[K/workspaces/ros2-coding/install/hardware_interface/include/hardware_interface/hardware_interface/loaned_command_interface.hpp:134:10:[m[K [01;36m[Knote: [m[Kdeclared here
[66.535s]   134 |   double [01;36m[Kget_value[m[K() const
[66.535s]       |          [01;36m[K^~~~~~~~~[m[K
[66.536s] [01m[K/workspaces/ros2-coding/turtlesim_ws/src/ros-controls/ros2_controllers/pid_controller/test/test_pid_controller.cpp:754:74:[m[K [01;35m[Kwarning: [m[Kâ€˜[01m[Kdouble hardware_interface::LoanedCommandInterface::[01;32m[Kget_value[m[K() const[m[Kâ€™ is deprecated: Use std::optional<T> get_optional() instead to retrieve the value. This method will be removed by the ROS 2 Kilted Kaiju release. [[01;35m[K]8;;https://gcc.gnu.org/onlinedocs/gcc/Warning-Options.html#index-Wdeprecated-declarations-Wdeprecated-declarations]8;;[m[K]
[66.536s]   754 |   actual_value = std::round([01;35m[Kcontroller_->command_interfaces_[0].get_value()[m[K * 1e5) / 1e5;
[66.536s]       |                             [01;35m[K~~~~~~~~~~~~~~~~~~~~~~~~~~~~~~~~~~~~~~~~~~~~~^~[m[K
[66.539s] [01m[K/workspaces/ros2-coding/install/hardware_interface/include/hardware_interface/hardware_interface/loaned_command_interface.hpp:134:10:[m[K [01;36m[Knote: [m[Kdeclared here
[66.539s]   134 |   double [01;36m[Kget_value[m[K() const
[66.539s]       |          [01;36m[K^~~~~~~~~[m[K
[66.543s] [01m[K/workspaces/ros2-coding/turtlesim_ws/src/ros-controls/ros2_controllers/pid_controller/test/test_pid_controller.cpp:[m[K In member function â€˜[01m[Kvirtual void PidControllerTest_test_save_i_term_on_Test::[01;32m[KTestBody[m[K()[m[Kâ€™:
[66.544s] [01m[K/workspaces/ros2-coding/turtlesim_ws/src/ros-controls/ros2_controllers/pid_controller/test/test_pid_controller.cpp:791:81:[m[K [01;35m[Kwarning: [m[Kâ€˜[01m[Kdouble hardware_interface::LoanedCommandInterface::[01;32m[Kget_value[m[K() const[m[Kâ€™ is deprecated: Use std::optional<T> get_optional() instead to retrieve the value. This method will be removed by the ROS 2 Kilted Kaiju release. [[01;35m[K]8;;https://gcc.gnu.org/onlinedocs/gcc/Warning-Options.html#index-Wdeprecated-declarations-Wdeprecated-declarations]8;;[m[K]
[66.546s]   791 |   double actual_value = std::round([01;35m[Kcontroller_->command_interfaces_[0].get_value()[m[K * 1e5) / 1e5;
[66.546s]       |                                    [01;35m[K~~~~~~~~~~~~~~~~~~~~~~~~~~~~~~~~~~~~~~~~~~~~~^~[m[K
[66.546s] [01m[K/workspaces/ros2-coding/install/hardware_interface/include/hardware_interface/hardware_interface/loaned_command_interface.hpp:134:10:[m[K [01;36m[Knote: [m[Kdeclared here
[66.546s]   134 |   double [01;36m[Kget_value[m[K() const
[66.548s]       |          [01;36m[K^~~~~~~~~[m[K
[66.548s] [01m[K/workspaces/ros2-coding/turtlesim_ws/src/ros-controls/ros2_controllers/pid_controller/test/test_pid_controller.cpp:804:74:[m[K [01;35m[Kwarning: [m[Kâ€˜[01m[Kdouble hardware_interface::LoanedCommandInterface::[01;32m[Kget_value[m[K() const[m[Kâ€™ is deprecated: Use std::optional<T> get_optional() instead to retrieve the value. This method will be removed by the ROS 2 Kilted Kaiju release. [[01;35m[K]8;;https://gcc.gnu.org/onlinedocs/gcc/Warning-Options.html#index-Wdeprecated-declarations-Wdeprecated-declarations]8;;[m[K]
[66.548s]   804 |   actual_value = std::round([01;35m[Kcontroller_->command_interfaces_[0].get_value()[m[K * 1e5) / 1e5;
[66.549s]       |                             [01;35m[K~~~~~~~~~~~~~~~~~~~~~~~~~~~~~~~~~~~~~~~~~~~~~^~[m[K
[66.552s] [01m[K/workspaces/ros2-coding/install/hardware_interface/include/hardware_interface/hardware_interface/loaned_command_interface.hpp:134:10:[m[K [01;36m[Knote: [m[Kdeclared here
[66.552s]   134 |   double [01;36m[Kget_value[m[K() const
[66.552s]       |          [01;36m[K^~~~~~~~~[m[K
[81.625s] [ 76%] [32m[1mLinking CXX executable test_pid_controller[0m
[82.862s] [ 76%] Built target test_pid_controller
[82.909s] [ 82%] [32mBuilding CXX object CMakeFiles/test_pid_controller_preceding.dir/test/test_pid_controller_preceding.cpp.o[0m
[94.792s] [ 88%] [32m[1mLinking CXX executable test_pid_controller_preceding[0m
[95.795s] [ 88%] Built target test_pid_controller_preceding
[95.845s] [ 94%] [32mBuilding CXX object CMakeFiles/test_pid_controller_dual_interface.dir/test/test_pid_controller_dual_interface.cpp.o[0m
[101.744s] In file included from [01m[K/opt/ros/jazzy/src/gtest_vendor/include/gtest/gtest.h:72[m[K,
[101.745s]                  from [01m[K/opt/ros/jazzy/src/gmock_vendor/include/gmock/internal/gmock-internal-utils.h:50[m[K,
[101.746s]                  from [01m[K/opt/ros/jazzy/src/gmock_vendor/include/gmock/gmock-actions.h:145[m[K,
[101.747s]                  from [01m[K/opt/ros/jazzy/src/gmock_vendor/include/gmock/gmock.h:56[m[K,
[101.748s]                  from [01m[K/workspaces/ros2-coding/turtlesim_ws/src/ros-controls/ros2_controllers/pid_controller/test/test_pid_controller.hpp:21[m[K,
[101.749s]                  from [01m[K/workspaces/ros2-coding/turtlesim_ws/src/ros-controls/ros2_controllers/pid_controller/test/test_pid_controller_dual_interface.cpp:16[m[K:
[101.749s] [01m[K/workspaces/ros2-coding/turtlesim_ws/src/ros-controls/ros2_controllers/pid_controller/test/test_pid_controller_dual_interface.cpp:[m[K In member function â€˜[01m[Kvirtual void PidControllerDualInterfaceTest_test_chained_feedforward_with_gain_dual_interface_Test::[01;32m[KTestBody[m[K()[m[Kâ€™:
[101.750s] [01m[K/workspaces/ros2-coding/turtlesim_ws/src/ros-controls/ros2_controllers/pid_controller/test/test_pid_controller_dual_interface.cpp:98:58:[m[K [01;35m[Kwarning: [m[Kâ€˜[01m[Kdouble hardware_interface::LoanedCommandInterface::[01;32m[Kget_value[m[K() const[m[Kâ€™ is deprecated: Use std::optional<T> get_optional() instead to retrieve the value. This method will be removed by the ROS 2 Kilted Kaiju release. [[01;35m[K]8;;https://gcc.gnu.org/onlinedocs/gcc/Warning-Options.html#index-Wdeprecated-declarations-Wdeprecated-declarations]8;;[m[K]
[101.751s]    98 |   ASSERT_EQ([01;35m[Kcontroller_->command_interfaces_[0].get_value()[m[K, joint1_expected_cmd);
[101.752s]       |             [01;35m[K~~~~~~~~~~~~~~~~~~~~~~~~~~~~~~~~~~~~~~~~~~~~~^~[m[K
[101.752s] [01m[K/opt/ros/jazzy/src/gtest_vendor/include/gtest/gtest_pred_impl.h:79:52:[m[K [01;36m[Knote: [m[Kin definition of macro â€˜[01m[KGTEST_ASSERT_[m[Kâ€™
[101.752s]    79 |   if (const ::testing::AssertionResult gtest_ar = ([01;36m[Kexpression[m[K)) \
[101.753s]       |                                                    [01;36m[K^~~~~~~~~~[m[K
[101.757s] [01m[K/opt/ros/jazzy/src/gtest_vendor/include/gtest/gtest_pred_impl.h:148:3:[m[K [01;36m[Knote: [m[Kin expansion of macro â€˜[01m[KGTEST_PRED_FORMAT2_[m[Kâ€™
[101.757s]   148 |   [01;36m[KGTEST_PRED_FORMAT2_[m[K(pred_format, v1, v2, GTEST_FATAL_FAILURE_)
[101.758s]       |   [01;36m[K^~~~~~~~~~~~~~~~~~~[m[K
[101.758s] [01m[K/opt/ros/jazzy/src/gtest_vendor/include/gtest/gtest.h:1882:3:[m[K [01;36m[Knote: [m[Kin expansion of macro â€˜[01m[KASSERT_PRED_FORMAT2[m[Kâ€™
[101.758s]  1882 |   [01;36m[KASSERT_PRED_FORMAT2[m[K(::testing::internal::EqHelper::Compare, val1, val2)
[101.758s]       |   [01;36m[K^~~~~~~~~~~~~~~~~~~[m[K
[101.758s] [01m[K/opt/ros/jazzy/src/gtest_vendor/include/gtest/gtest.h:1898:31:[m[K [01;36m[Knote: [m[Kin expansion of macro â€˜[01m[KGTEST_ASSERT_EQ[m[Kâ€™
[101.759s]  1898 | #define ASSERT_EQ(val1, val2) [01;36m[KGTEST_ASSERT_EQ[m[K(val1, val2)
[101.764s]       |                               [01;36m[K^~~~~~~~~~~~~~~[m[K
[101.764s] [01m[K/workspaces/ros2-coding/turtlesim_ws/src/ros-controls/ros2_controllers/pid_controller/test/test_pid_controller_dual_interface.cpp:98:3:[m[K [01;36m[Knote: [m[Kin expansion of macro â€˜[01m[KASSERT_EQ[m[Kâ€™
[101.764s]    98 |   [01;36m[KASSERT_EQ[m[K(controller_->command_interfaces_[0].get_value(), joint1_expected_cmd);
[101.765s]       |   [01;36m[K^~~~~~~~~[m[K
[101.765s] In file included from [01m[K/workspaces/ros2-coding/turtlesim_ws/src/ros-controls/ros2_controllers/pid_controller/test/test_pid_controller.hpp:30[m[K:
[101.765s] [01m[K/workspaces/ros2-coding/install/hardware_interface/include/hardware_interface/hardware_interface/loaned_command_interface.hpp:134:10:[m[K [01;36m[Knote: [m[Kdeclared here
[101.765s]   134 |   double [01;36m[Kget_value[m[K() const
[101.765s]       |          [01;36m[K^~~~~~~~~[m[K
[101.765s] [01m[K/workspaces/ros2-coding/turtlesim_ws/src/ros-controls/ros2_controllers/pid_controller/test/test_pid_controller_dual_interface.cpp:99:58:[m[K [01;35m[Kwarning: [m[Kâ€˜[01m[Kdouble hardware_interface::LoanedCommandInterface::[01;32m[Kget_value[m[K() const[m[Kâ€™ is deprecated: Use std::optional<T> get_optional() instead to retrieve the value. This method will be removed by the ROS 2 Kilted Kaiju release. [[01;35m[K]8;;https://gcc.gnu.org/onlinedocs/gcc/Warning-Options.html#index-Wdeprecated-declarations-Wdeprecated-declarations]8;;[m[K]
[101.765s]    99 |   ASSERT_EQ([01;35m[Kcontroller_->command_interfaces_[1].get_value()[m[K, joint2_expected_cmd);
[101.766s]       |             [01;35m[K~~~~~~~~~~~~~~~~~~~~~~~~~~~~~~~~~~~~~~~~~~~~~^~[m[K
[101.766s] [01m[K/opt/ros/jazzy/src/gtest_vendor/include/gtest/gtest_pred_impl.h:79:52:[m[K [01;36m[Knote: [m[Kin definition of macro â€˜[01m[KGTEST_ASSERT_[m[Kâ€™
[101.766s]    79 |   if (const ::testing::AssertionResult gtest_ar = ([01;36m[Kexpression[m[K)) \
[101.766s]       |                                                    [01;36m[K^~~~~~~~~~[m[K
[101.766s] [01m[K/opt/ros/jazzy/src/gtest_vendor/include/gtest/gtest_pred_impl.h:148:3:[m[K [01;36m[Knote: [m[Kin expansion of macro â€˜[01m[KGTEST_PRED_FORMAT2_[m[Kâ€™
[101.769s]   148 |   [01;36m[KGTEST_PRED_FORMAT2_[m[K(pred_format, v1, v2, GTEST_FATAL_FAILURE_)
[101.769s]       |   [01;36m[K^~~~~~~~~~~~~~~~~~~[m[K
[101.769s] [01m[K/opt/ros/jazzy/src/gtest_vendor/include/gtest/gtest.h:1882:3:[m[K [01;36m[Knote: [m[Kin expansion of macro â€˜[01m[KASSERT_PRED_FORMAT2[m[Kâ€™
[101.769s]  1882 |   [01;36m[KASSERT_PRED_FORMAT2[m[K(::testing::internal::EqHelper::Compare, val1, val2)
[101.770s]       |   [01;36m[K^~~~~~~~~~~~~~~~~~~[m[K
[101.770s] [01m[K/opt/ros/jazzy/src/gtest_vendor/include/gtest/gtest.h:1898:31:[m[K [01;36m[Knote: [m[Kin expansion of macro â€˜[01m[KGTEST_ASSERT_EQ[m[Kâ€™
[101.770s]  1898 | #define ASSERT_EQ(val1, val2) [01;36m[KGTEST_ASSERT_EQ[m[K(val1, val2)
[101.770s]       |                               [01;36m[K^~~~~~~~~~~~~~~[m[K
[101.773s] [01m[K/workspaces/ros2-coding/turtlesim_ws/src/ros-controls/ros2_controllers/pid_controller/test/test_pid_controller_dual_interface.cpp:99:3:[m[K [01;36m[Knote: [m[Kin expansion of macro â€˜[01m[KASSERT_EQ[m[Kâ€™
[101.773s]    99 |   [01;36m[KASSERT_EQ[m[K(controller_->command_interfaces_[1].get_value(), joint2_expected_cmd);
[101.773s]       |   [01;36m[K^~~~~~~~~[m[K
[101.774s] [01m[K/workspaces/ros2-coding/install/hardware_interface/include/hardware_interface/hardware_interface/loaned_command_interface.hpp:134:10:[m[K [01;36m[Knote: [m[Kdeclared here
[101.774s]   134 |   double [01;36m[Kget_value[m[K() const
[101.775s]       |          [01;36m[K^~~~~~~~~[m[K
[108.342s] [100%] [32m[1mLinking CXX executable test_pid_controller_dual_interface[0m
[109.464s] [100%] Built target test_pid_controller_dual_interface
[109.503s] Invoked command in '/workspaces/ros2-coding/build/pid_controller' returned '0': AMENT_PREFIX_PATH=/workspaces/ros2-coding/install/controller_manager:/workspaces/ros2-coding/install/hardware_interface_testing:/workspaces/ros2-coding/install/controller_interface:/workspaces/ros2-coding/install/hardware_interface:/workspaces/ros2-coding/install/joint_limits:/workspaces/ros2-coding/install/control_toolbox:/workspaces/ros2-coding/install/realtime_tools:/workspaces/ros2-coding/install/ros2_control_test_assets:/workspaces/ros2-coding/install/ros2_control_cmake:/workspaces/ros2-coding/install/controller_manager_msgs:/workspaces/ros2-coding/install/control_msgs:${AMENT_PREFIX_PATH} CMAKE_PREFIX_PATH=/workspaces/ros2-coding/install/controller_manager:/workspaces/ros2-coding/install/hardware_interface_testing:/workspaces/ros2-coding/install/controller_interface:/workspaces/ros2-coding/install/hardware_interface:/workspaces/ros2-coding/install/joint_limits:/workspaces/ros2-coding/install/control_toolbox:/workspaces/ros2-coding/install/realtime_tools:/workspaces/ros2-coding/install/ros2_control_test_assets:/workspaces/ros2-coding/install/ros2_control_cmake:/workspaces/ros2-coding/install/controller_manager_msgs:/workspaces/ros2-coding/install/control_msgs:/opt/ros/jazzy/opt/gz_sim_vendor:/opt/ros/jazzy/opt/gz_sensors_vendor:/opt/ros/jazzy/opt/gz_physics_vendor:/opt/ros/jazzy/opt/sdformat_vendor:/opt/ros/jazzy/opt/gz_gui_vendor:/opt/ros/jazzy/opt/gz_transport_vendor:/opt/ros/jazzy/opt/gz_rendering_vendor:/opt/ros/jazzy/opt/gz_plugin_vendor:/opt/ros/jazzy/opt/gz_fuel_tools_vendor:/opt/ros/jazzy/opt/gz_msgs_vendor:/opt/ros/jazzy/opt/gz_common_vendor:/opt/ros/jazzy/opt/gz_math_vendor:/opt/ros/jazzy/opt/gz_utils_vendor:/opt/ros/jazzy/opt/gz_tools_vendor:/opt/ros/jazzy/opt/gz_ogre_next_vendor:/opt/ros/jazzy/opt/gz_dartsim_vendor:/opt/ros/jazzy/opt/gz_cmake_vendor:/opt/ros/jazzy LD_LIBRARY_PATH=/workspaces/ros2-coding/install/controller_manager/lib:/workspaces/ros2-coding/install/hardware_interface_testing/lib:/workspaces/ros2-coding/install/controller_interface/lib:/workspaces/ros2-coding/install/hardware_interface/lib:/workspaces/ros2-coding/install/joint_limits/lib:/workspaces/ros2-coding/install/control_toolbox/lib:/workspaces/ros2-coding/install/realtime_tools/lib:/workspaces/ros2-coding/install/ros2_control_test_assets/lib:/workspaces/ros2-coding/install/controller_manager_msgs/lib:/workspaces/ros2-coding/install/control_msgs/lib:${LD_LIBRARY_PATH} PYTHONPATH=/workspaces/ros2-coding/install/controller_manager/lib/python3.12/site-packages:/workspaces/ros2-coding/install/controller_manager_msgs/lib/python3.12/site-packages:/workspaces/ros2-coding/install/control_msgs/lib/python3.12/site-packages:${PYTHONPATH} /usr/bin/cmake --build /workspaces/ros2-coding/build/pid_controller -- -j2 -l2
[109.507s] Invoking command in '/workspaces/ros2-coding/build/pid_controller': AMENT_PREFIX_PATH=/workspaces/ros2-coding/install/controller_manager:/workspaces/ros2-coding/install/hardware_interface_testing:/workspaces/ros2-coding/install/controller_interface:/workspaces/ros2-coding/install/hardware_interface:/workspaces/ros2-coding/install/joint_limits:/workspaces/ros2-coding/install/control_toolbox:/workspaces/ros2-coding/install/realtime_tools:/workspaces/ros2-coding/install/ros2_control_test_assets:/workspaces/ros2-coding/install/ros2_control_cmake:/workspaces/ros2-coding/install/controller_manager_msgs:/workspaces/ros2-coding/install/control_msgs:${AMENT_PREFIX_PATH} CMAKE_PREFIX_PATH=/workspaces/ros2-coding/install/controller_manager:/workspaces/ros2-coding/install/hardware_interface_testing:/workspaces/ros2-coding/install/controller_interface:/workspaces/ros2-coding/install/hardware_interface:/workspaces/ros2-coding/install/joint_limits:/workspaces/ros2-coding/install/control_toolbox:/workspaces/ros2-coding/install/realtime_tools:/workspaces/ros2-coding/install/ros2_control_test_assets:/workspaces/ros2-coding/install/ros2_control_cmake:/workspaces/ros2-coding/install/controller_manager_msgs:/workspaces/ros2-coding/install/control_msgs:/opt/ros/jazzy/opt/gz_sim_vendor:/opt/ros/jazzy/opt/gz_sensors_vendor:/opt/ros/jazzy/opt/gz_physics_vendor:/opt/ros/jazzy/opt/sdformat_vendor:/opt/ros/jazzy/opt/gz_gui_vendor:/opt/ros/jazzy/opt/gz_transport_vendor:/opt/ros/jazzy/opt/gz_rendering_vendor:/opt/ros/jazzy/opt/gz_plugin_vendor:/opt/ros/jazzy/opt/gz_fuel_tools_vendor:/opt/ros/jazzy/opt/gz_msgs_vendor:/opt/ros/jazzy/opt/gz_common_vendor:/opt/ros/jazzy/opt/gz_math_vendor:/opt/ros/jazzy/opt/gz_utils_vendor:/opt/ros/jazzy/opt/gz_tools_vendor:/opt/ros/jazzy/opt/gz_ogre_next_vendor:/opt/ros/jazzy/opt/gz_dartsim_vendor:/opt/ros/jazzy/opt/gz_cmake_vendor:/opt/ros/jazzy LD_LIBRARY_PATH=/workspaces/ros2-coding/install/controller_manager/lib:/workspaces/ros2-coding/install/hardware_interface_testing/lib:/workspaces/ros2-coding/install/controller_interface/lib:/workspaces/ros2-coding/install/hardware_interface/lib:/workspaces/ros2-coding/install/joint_limits/lib:/workspaces/ros2-coding/install/control_toolbox/lib:/workspaces/ros2-coding/install/realtime_tools/lib:/workspaces/ros2-coding/install/ros2_control_test_assets/lib:/workspaces/ros2-coding/install/controller_manager_msgs/lib:/workspaces/ros2-coding/install/control_msgs/lib:${LD_LIBRARY_PATH} PYTHONPATH=/workspaces/ros2-coding/install/controller_manager/lib/python3.12/site-packages:/workspaces/ros2-coding/install/controller_manager_msgs/lib/python3.12/site-packages:/workspaces/ros2-coding/install/control_msgs/lib/python3.12/site-packages:${PYTHONPATH} /usr/bin/cmake --install /workspaces/ros2-coding/build/pid_controller
[109.519s] -- Install configuration: ""
[109.520s] -- Execute custom install script
[109.521s] -- Symlinking: /workspaces/ros2-coding/install/pid_controller/include/pid_controller/pid_controller_parameters.hpp
[109.538s] -- Symlinking: /workspaces/ros2-coding/install/pid_controller/share/pid_controller//pid_controller.xml
[109.554s] -- Symlinking: /workspaces/ros2-coding/install/pid_controller/include/pid_controller/pid_controller/pid_controller.hpp
[109.576s] -- Symlinking: /workspaces/ros2-coding/install/pid_controller/share/pid_controller/environment/library_path.sh
[109.595s] -- Symlinking: /workspaces/ros2-coding/install/pid_controller/share/pid_controller/environment/library_path.dsv
[109.633s] -- Symlinking: /workspaces/ros2-coding/install/pid_controller/share/ament_index/resource_index/package_run_dependencies/pid_controller
[109.652s] -- Symlinking: /workspaces/ros2-coding/install/pid_controller/share/ament_index/resource_index/parent_prefix_path/pid_controller
[109.693s] -- Symlinking: /workspaces/ros2-coding/install/pid_controller/share/pid_controller/environment/ament_prefix_path.sh
[109.714s] -- Symlinking: /workspaces/ros2-coding/install/pid_controller/share/pid_controller/environment/ament_prefix_path.dsv
[109.748s] -- Symlinking: /workspaces/ros2-coding/install/pid_controller/share/pid_controller/environment/path.sh
[109.791s] -- Symlinking: /workspaces/ros2-coding/install/pid_controller/share/pid_controller/environment/path.dsv
[109.813s] -- Symlinking: /workspaces/ros2-coding/install/pid_controller/share/pid_controller/local_setup.bash
[109.843s] -- Symlinking: /workspaces/ros2-coding/install/pid_controller/share/pid_controller/local_setup.sh
[109.901s] -- Symlinking: /workspaces/ros2-coding/install/pid_controller/share/pid_controller/local_setup.zsh
[109.945s] -- Symlinking: /workspaces/ros2-coding/install/pid_controller/share/pid_controller/local_setup.dsv
[109.988s] -- Symlinking: /workspaces/ros2-coding/install/pid_controller/share/pid_controller/package.dsv
[110.027s] -- Symlinking: /workspaces/ros2-coding/install/pid_controller/share/ament_index/resource_index/packages/pid_controller
[110.060s] -- Symlinking: /workspaces/ros2-coding/install/pid_controller/share/ament_index/resource_index/controller_interface__pluginlib__plugin/pid_controller
[110.093s] -- Symlinking: /workspaces/ros2-coding/install/pid_controller/share/pid_controller/cmake/ament_cmake_export_dependencies-extras.cmake
[110.130s] -- Symlinking: /workspaces/ros2-coding/install/pid_controller/share/pid_controller/cmake/ament_cmake_export_targets-extras.cmake
[110.167s] -- Symlinking: /workspaces/ros2-coding/install/pid_controller/share/pid_controller/cmake/pid_controllerConfig.cmake
[110.193s] -- Symlinking: /workspaces/ros2-coding/install/pid_controller/share/pid_controller/cmake/pid_controllerConfig-version.cmake
[110.211s] -- Symlinking: /workspaces/ros2-coding/install/pid_controller/share/pid_controller/package.xml
[110.232s] -- Installing: /workspaces/ros2-coding/install/pid_controller/lib/libpid_controller.so
[110.291s] -- Set non-toolchain portion of runtime path of "/workspaces/ros2-coding/install/pid_controller/lib/libpid_controller.so" to ""
[110.291s] -- Installing: /workspaces/ros2-coding/install/pid_controller/share/pid_controller/cmake/export_pid_controllerExport.cmake
[110.291s] -- Installing: /workspaces/ros2-coding/install/pid_controller/share/pid_controller/cmake/export_pid_controllerExport-noconfig.cmake
[110.296s] Invoked command in '/workspaces/ros2-coding/build/pid_controller' returned '0': AMENT_PREFIX_PATH=/workspaces/ros2-coding/install/controller_manager:/workspaces/ros2-coding/install/hardware_interface_testing:/workspaces/ros2-coding/install/controller_interface:/workspaces/ros2-coding/install/hardware_interface:/workspaces/ros2-coding/install/joint_limits:/workspaces/ros2-coding/install/control_toolbox:/workspaces/ros2-coding/install/realtime_tools:/workspaces/ros2-coding/install/ros2_control_test_assets:/workspaces/ros2-coding/install/ros2_control_cmake:/workspaces/ros2-coding/install/controller_manager_msgs:/workspaces/ros2-coding/install/control_msgs:${AMENT_PREFIX_PATH} CMAKE_PREFIX_PATH=/workspaces/ros2-coding/install/controller_manager:/workspaces/ros2-coding/install/hardware_interface_testing:/workspaces/ros2-coding/install/controller_interface:/workspaces/ros2-coding/install/hardware_interface:/workspaces/ros2-coding/install/joint_limits:/workspaces/ros2-coding/install/control_toolbox:/workspaces/ros2-coding/install/realtime_tools:/workspaces/ros2-coding/install/ros2_control_test_assets:/workspaces/ros2-coding/install/ros2_control_cmake:/workspaces/ros2-coding/install/controller_manager_msgs:/workspaces/ros2-coding/install/control_msgs:/opt/ros/jazzy/opt/gz_sim_vendor:/opt/ros/jazzy/opt/gz_sensors_vendor:/opt/ros/jazzy/opt/gz_physics_vendor:/opt/ros/jazzy/opt/sdformat_vendor:/opt/ros/jazzy/opt/gz_gui_vendor:/opt/ros/jazzy/opt/gz_transport_vendor:/opt/ros/jazzy/opt/gz_rendering_vendor:/opt/ros/jazzy/opt/gz_plugin_vendor:/opt/ros/jazzy/opt/gz_fuel_tools_vendor:/opt/ros/jazzy/opt/gz_msgs_vendor:/opt/ros/jazzy/opt/gz_common_vendor:/opt/ros/jazzy/opt/gz_math_vendor:/opt/ros/jazzy/opt/gz_utils_vendor:/opt/ros/jazzy/opt/gz_tools_vendor:/opt/ros/jazzy/opt/gz_ogre_next_vendor:/opt/ros/jazzy/opt/gz_dartsim_vendor:/opt/ros/jazzy/opt/gz_cmake_vendor:/opt/ros/jazzy LD_LIBRARY_PATH=/workspaces/ros2-coding/install/controller_manager/lib:/workspaces/ros2-coding/install/hardware_interface_testing/lib:/workspaces/ros2-coding/install/controller_interface/lib:/workspaces/ros2-coding/install/hardware_interface/lib:/workspaces/ros2-coding/install/joint_limits/lib:/workspaces/ros2-coding/install/control_toolbox/lib:/workspaces/ros2-coding/install/realtime_tools/lib:/workspaces/ros2-coding/install/ros2_control_test_assets/lib:/workspaces/ros2-coding/install/controller_manager_msgs/lib:/workspaces/ros2-coding/install/control_msgs/lib:${LD_LIBRARY_PATH} PYTHONPATH=/workspaces/ros2-coding/install/controller_manager/lib/python3.12/site-packages:/workspaces/ros2-coding/install/controller_manager_msgs/lib/python3.12/site-packages:/workspaces/ros2-coding/install/control_msgs/lib/python3.12/site-packages:${PYTHONPATH} /usr/bin/cmake --install /workspaces/ros2-coding/build/pid_controller
